
📂 开始批量查询歌手热门歌曲
📍 目录: /Volumes/Music/歌手分类
👥 歌手总数: 506
🔄 待查询: 506
⏱️  每个请求间隔: 2s
🎵 每个歌手获取: Top 30

[  1/506] 查询: Beyond                        ... ✅ 25 首 [0.0s]
[  2/506] 查询: C.S.B.Q                       ... ✅ 30 首 [3.1s]
[  3/506] 查询: Crispy脆乐团                     ... ✅ 30 首 [6.4s]
[  4/506] 查询: Deca joins                    ... ✅ 30 首 [8.6s]
[  5/506] 查询: F.I.R.飞儿乐团                    ... ✅ 30 首 [11.4s]
[  6/506] 查询: F4                            ... ✅ 30 首 [13.7s]
[  7/506] 查询: GALA                          ... ✅ 30 首 [15.9s]
[  8/506] 查询: Gareth.T                      ... ✅ 30 首 [20.6s]
[  9/506] 查询: Hush                          ... ✅ 9 首 [23.7s]
[ 10/506] 查询: S.H.E                         ... ✅ 30 首 [27.0s]
[ 11/506] 查询: Sweety                        ... ✅ 25 首 [29.3s]
[ 12/506] 查询: TANK 吕建忠                      ... ⚠️  未找到 [33.8s]
[ 13/506] 查询: Twins                         ... ✅ 30 首 [37.0s]
[ 14/506] 查询: VH (Vast & Hazy)              ... ✅ 30 首 [40.6s]
[ 15/506] 查询: 一支榴莲                          ... ✅ 30 首 [42.8s]
[ 16/506] 查询: 丁当                            ... ✅ 30 首 [45.1s]
[ 17/506] 查询: 万能青年旅店                        ... ✅ 8 首 [47.9s]
[ 18/506] 查询: 万芳                            ... ✅ 30 首 [51.1s]
[ 19/506] 查询: 严艺丹                           ... ✅ 30 首 [53.4s]
[ 20/506] 查询: 二手玫瑰                          ... ✅ 30 首 [55.7s]
[ 21/506] 查询: 于文文                           ... ✅ 30 首 [58.6s]
[ 22/506] 查询: 于果                            ... ✅ 20 首 [61.4s]
[ 23/506] 查询: 于贞                            ... ✅ 30 首 [65.5s]
[ 24/506] 查询: 云菲菲                           ... ✅ 30 首 [67.7s]
[ 25/506] 查询: 五月天                           ... ✅ 30 首 [70.8s]
[ 26/506] 查询: 五条人                           ... ✅ 30 首 [75.5s]
[ 27/506] 查询: 井胧                            ... ✅ 30 首 [77.7s]
[ 28/506] 查询: 任夏                            ... ✅ 30 首 [80.0s]
[ 29/506] 查询: 任然                            ... ✅ 30 首 [83.0s]
[ 30/506] 查询: 任素汐                           ... ✅ 18 首 [86.1s]
[ 31/506] 查询: 任贤齐                           ... ✅ 30 首 [90.7s]
[ 32/506] 查询: 伊能静                           ... ✅ 30 首 [94.6s]
[ 33/506] 查询: 伍佰                            ... ✅ 30 首 [97.4s]
[ 34/506] 查询: 伍思凯                           ... ✅ 30 首 [100.5s]
[ 35/506] 查询: 优客李林                          ... ✅ 30 首 [102.7s]
[ 36/506] 查询: 低苦艾                           ... ✅ 30 首 [105.0s]
[ 37/506] 查询: 何婉盈                           ... ✅ 7 首 [107.2s]
[ 38/506] 查询: 何晟铭                           ... ✅ 30 首 [110.3s]
[ 39/506] 查询: 何洁                            ... ✅ 30 首 [113.4s]
[ 40/506] 查询: 何炅                            ... ✅ 30 首 [116.1s]
[ 41/506] 查询: 何韵诗                           ... ⚠️  未找到 [118.4s]
[ 42/506] 查询: 侃侃                            ... ✅ 30 首 [121.5s]
[ 43/506] 查询: 侯湘婷                           ... ✅ 30 首 [124.3s]
[ 44/506] 查询: 信                             ... ✅ 30 首 [126.6s]
[ 45/506] 查询: 信乐团                           ... ✅ 30 首 [131.1s]
[ 46/506] 查询: 光头华夏                          ... ✅ 30 首 [133.4s]
[ 47/506] 查询: 光泽                            ... ✅ 30 首 [135.6s]
[ 48/506] 查询: 光良                            ... ✅ 30 首 [137.9s]
[ 49/506] 查询: 六哲                            ... ✅ 30 首 [140.7s]
[ 50/506] 查询: 关淑怡                           ... ⚠️  未找到 [143.7s]
[ 51/506] 查询: 凤凰传奇                          ... ✅ 30 首 [147.1s]
[ 52/506] 查询: 凤飞飞                           ... ✅ 30 首 [151.0s]
[ 53/506] 查询: 刀郎                            ... ✅ 30 首 [154.1s]
[ 54/506] 查询: 刘可                            ... ✅ 30 首 [158.3s]
[ 55/506] 查询: 刘嘉亮                           ... ✅ 30 首 [161.5s]
[ 56/506] 查询: 刘小慧                           ... ✅ 30 首 [165.6s]
[ 57/506] 查询: 刘德华                           ... ✅ 30 首 [168.6s]
[ 58/506] 查询: 刘惜君                           ... ✅ 30 首 [171.6s]
[ 59/506] 查询: 刘文正                           ... ✅ 30 首 [174.7s]
[ 60/506] 查询: 刘昊霖                           ... ✅ 19 首 [179.1s]
[ 61/506] 查询: 刘柏辛                           ... ⚠️  未找到 [185.6s]
[ 62/506] 查询: 刘森                            ... ✅ 30 首 [190.9s]
[ 63/506] 查询: 刘欢                            ... ✅ 30 首 [194.1s]
[ 64/506] 查询: 刘沁                            ... ✅ 30 首 [198.0s]
[ 65/506] 查询: 刘珂矣                           ... ✅ 30 首 [202.7s]
[ 66/506] 查询: 刺猬乐队                          ... ✅ 30 首 [205.6s]
[ 67/506] 查询: 动力火车                          ... ✅ 30 首 [208.6s]
[ 68/506] 查询: 区瑞强                           ... ✅ 30 首 [211.7s]
[ 69/506] 查询: 千百惠                           ... ✅ 30 首 [214.8s]
[ 70/506] 查询: 单依纯                           ... ✅ 30 首 [217.8s]
[ 71/506] 查询: 南合文斗                          ... ⚠️  未找到 [221.1s]
[ 72/506] 查询: 南征北战                          ... ✅ 30 首 [226.7s]
[ 73/506] 查询: 南拳妈妈                          ... ✅ 21 首 [231.7s]
[ 74/506] 查询: 卢冠廷                           ... ✅ 30 首 [235.8s]
[ 75/506] 查询: 卫兰                            ... ✅ 30 首 [240.2s]
[ 76/506] 查询: 古巨基                           ... ✅ 30 首 [243.3s]
[ 77/506] 查询: 叶丽仪                           ... ⚠️  未找到 [246.5s]
[ 78/506] 查询: 叶倩文                           ... ✅ 2 首 [249.9s]
[ 79/506] 查询: 叶启田                           ... ✅ 30 首 [256.1s]
[ 80/506] 查询: 叶振棠                           ... ✅ 30 首 [260.7s]
[ 81/506] 查询: 后弦                            ... ⚠️  未找到 [263.8s]
[ 82/506] 查询: 吕方                            ... ⚠️  未找到 [267.3s]
[ 83/506] 查询: 吕莘                            ... ⚠️  未找到 [270.7s]
[ 84/506] 查询: 吳若希                           ... ⚠️  未找到 [274.2s]
[ 85/506] 查询: 吴倩莲                           ... ⚠️  未找到 [279.0s]
[ 86/506] 查询: 吴克群                           ... ✅ 30 首 [282.5s]
[ 87/506] 查询: 吴奇隆                           ... ✅ 30 首 [285.7s]
[ 88/506] 查询: 吴雨霏                           ... ✅ 30 首 [288.8s]
[ 89/506] 查询: 吴青峰                           ... ✅ 30 首 [291.8s]
[ 90/506] 查询: 告五人                           ... ✅ 30 首 [296.3s]
[ 91/506] 查询: 周兴哲                           ... ✅ 30 首 [299.3s]
[ 92/506] 查询: 周华健                           ... ⚠️  未找到 [302.3s]
[ 93/506] 查询: 周启生                           ... ✅ 30 首 [305.8s]
[ 94/506] 查询: 周子寒                           ... ✅ 30 首 [308.9s]
[ 95/506] 查询: 周延 (GAI)                      ... ✅ 25 首 [311.8s]
[ 96/506] 查询: 周思涵                           ... ✅ 12 首 [315.9s]
[ 97/506] 查询: 周慧敏                           ... ✅ 30 首 [320.8s]
[ 98/506] 查询: 周深                            ... ⚠️  未找到 [323.9s]
[ 99/506] 查询: 周笔畅                           ... ✅ 30 首 [327.4s]
[100/506] 查询: 周蕙                            ... ✅ 30 首 [330.3s]
[101/506] 查询: 品冠                            ... ✅ 30 首 [333.4s]
[102/506] 查询: 哥哥妹妹                          ... ⚠️  未找到 [337.4s]
[103/506] 查询: 唐汉霄                           ... ⚠️  未找到 [342.6s]
[104/506] 查询: 唐磊                            ... ✅ 30 首 [346.0s]
[105/506] 查询: 回音哥                           ... ✅ 30 首 [350.1s]
[106/506] 查询: 夏日入侵企画                        ... ✅ 5 首 [353.3s]
[107/506] 查询: 大壮                            ... ✅ 30 首 [356.8s]
[108/506] 查询: 姚贝娜                           ... ✅ 30 首 [360.7s]
[109/506] 查询: 姜涛                            ... ✅ 30 首 [365.3s]
[110/506] 查询: 姜玉阳                           ... ✅ 18 首 [369.2s]
[111/506] 查询: 姜育恒                           ... ✅ 30 首 [375.4s]
[112/506] 查询: 娃娃                            ... ⚠️  未找到 [379.3s]
[113/506] 查询: 孙悦                            ... ✅ 30 首 [382.7s]
[114/506] 查询: 孙楠                            ... ✅ 30 首 [385.7s]
[115/506] 查询: 孙燕姿                           ... ✅ 30 首 [389.9s]
[116/506] 查询: 孙耀威                           ... ✅ 30 首 [394.3s]
[117/506] 查询: 孙露                            ... ✅ 30 首 [398.1s]
[118/506] 查询: 孟庭苇                           ... ✅ 30 首 [401.0s]
[119/506] 查询: 宇桐非                           ... ✅ 30 首 [404.1s]
[120/506] 查询: 安又琪                           ... ✅ 30 首 [407.8s]
[121/506] 查询: 安琥                            ... ✅ 30 首 [411.6s]
[122/506] 查询: 宋冬野                           ... ✅ 17 首 [416.1s]
[123/506] 查询: 家家                            ... ✅ 30 首 [420.3s]
[124/506] 查询: 容祖儿                           ... ✅ 30 首 [423.9s]
[125/506] 查询: 小娟与山谷里的居民                     ... ⚠️  未找到 [428.6s]
[126/506] 查询: 小昔米                           ... ✅ 30 首 [433.1s]
[127/506] 查询: 小虎队                           ... ⚠️  未找到 [436.0s]
[128/506] 查询: 小虫                            ... ✅ 30 首 [439.4s]
[129/506] 查询: 少女时代                          ... ✅ 30 首 [442.5s]
[130/506] 查询: 尚士达                           ... ✅ 30 首 [445.3s]
[131/506] 查询: 尚雯婕                           ... ✅ 30 首 [449.1s]
[132/506] 查询: 屠洪刚                           ... ✅ 30 首 [452.1s]
[133/506] 查询: 岑宁儿                           ... ✅ 30 首 [455.8s]
[134/506] 查询: 崔健                            ... ✅ 30 首 [459.0s]
[135/506] 查询: 川青                            ... ✅ 18 首 [462.2s]
[136/506] 查询: 巫启贤                           ... ✅ 30 首 [467.2s]
[137/506] 查询: 庄心妍                           ... ✅ 30 首 [470.1s]
[138/506] 查询: 庞龙                            ... ✅ 30 首 [473.1s]
[139/506] 查询: 康士坦的变化球                       ... ✅ 30 首 [477.5s]
[140/506] 查询: 庾澄庆                           ... ⚠️  未找到 [480.3s]
[141/506] 查询: 廖俊涛                           ... ⚠️  未找到 [483.7s]
[142/506] 查询: 廖昌永                           ... ✅ 30 首 [487.1s]
[143/506] 查询: 张伟文                           ... ⚠️  未找到 [490.1s]
[144/506] 查询: 张信哲                           ... ✅ 30 首 [493.5s]
[145/506] 查询: 张卫健                           ... ✅ 30 首 [497.4s]
[146/506] 查询: 张可儿                           ... ✅ 5 首 [500.4s]
[147/506] 查询: 张含韵                           ... ✅ 30 首 [504.5s]
[148/506] 查询: 张国荣                           ... ✅ 30 首 [508.3s]
[149/506] 查询: 张学友                           ... ✅ 30 首 [512.8s]
[150/506] 查询: 张宇                            ... ✅ 30 首 [515.9s]
[151/506] 查询: 张小伙                           ... ⚠️  未找到 [518.1s]
[152/506] 查询: 张德兰                           ... ✅ 30 首 [521.6s]
[153/506] 查询: 张惠妹                           ... ✅ 30 首 [524.7s]
[154/506] 查询: 张敬轩                           ... ✅ 30 首 [527.8s]
[155/506] 查询: 张杰                            ... ✅ 30 首 [530.8s]
[156/506] 查询: 张柏芝                           ... ✅ 30 首 [534.0s]
[157/506] 查询: 张栋梁                           ... ✅ 30 首 [537.7s]
[158/506] 查询: 张洪量                           ... ✅ 30 首 [540.6s]
[159/506] 查询: 张清芳                           ... ✅ 30 首 [543.7s]
[160/506] 查询: 张玉华                           ... ✅ 10 首 [547.4s]
[161/506] 查询: 张玮伽                           ... ⚠️  未找到 [551.5s]
[162/506] 查询: 张碧晨                           ... ✅ 30 首 [554.9s]
[163/506] 查询: 张艺兴                           ... ✅ 30 首 [558.1s]
[164/506] 查询: 张艾嘉                           ... ✅ 30 首 [562.6s]
[165/506] 查询: 张芸京                           ... ✅ 30 首 [565.8s]
[166/506] 查询: 张茜                            ... ✅ 30 首 [569.6s]
[167/506] 查询: 张蔷                            ... ⚠️  未找到 [572.8s]
[168/506] 查询: 张远                            ... ✅ 30 首 [576.2s]
[169/506] 查询: 张镐哲                           ... ✅ 30 首 [581.0s]
[170/506] 查询: 张雨生                           ... ⚠️  未找到 [584.8s]
[171/506] 查询: 张震岳                           ... ✅ 30 首 [588.2s]
[172/506] 查询: 张靓颖                           ... ⚠️  未找到 [592.0s]
[173/506] 查询: 弦子                            ... ✅ 30 首 [595.4s]
[174/506] 查询: 張智成                           ... ⚠️  未找到 [599.4s]
[175/506] 查询: 彭佳慧                           ... ✅ 30 首 [603.6s]
[176/506] 查询: 彭家丽                           ... ✅ 30 首 [606.7s]
[177/506] 查询: 彭羚                            ... ⚠️  未找到 [609.7s]
[178/506] 查询: 彭芳                            ... ✅ 30 首 [613.1s]
[179/506] 查询: 徐佳莹                           ... ⚠️  未找到 [616.1s]
[180/506] 查询: 徐小凤                           ... ✅ 30 首 [619.5s]
[181/506] 查询: 徐怀钰                           ... ✅ 30 首 [623.2s]
[182/506] 查询: 徐海俏                           ... ✅ 10 首 [627.8s]
[183/506] 查询: 徐秉龙                           ... ✅ 30 首 [632.5s]
[184/506] 查询: 徐若瑄                           ... ✅ 30 首 [635.7s]
[185/506] 查询: 徐誉滕                           ... ✅ 30 首 [638.8s]
[186/506] 查询: 慕容晓晓                          ... ✅ 30 首 [641.7s]
[187/506] 查询: 成龙                            ... ✅ 30 首 [646.3s]
[188/506] 查询: 戴佩妮                           ... ✅ 30 首 [650.2s]
[189/506] 查询: 房东的猫                          ... ✅ 30 首 [653.3s]
[190/506] 查询: 执纸大魔王                         ... ✅ 14 首 [656.3s]
[191/506] 查询: 方丽盈                           ... ✅ 29 首 [662.6s]
[192/506] 查询: 方季惟                           ... ⚠️  未找到 [668.2s]
[193/506] 查询: 曲婉婷                           ... ✅ 30 首 [671.6s]
[194/506] 查询: 曲肖冰                           ... ✅ 30 首 [674.6s]
[195/506] 查询: 曹思义                           ... ⚠️  未找到 [677.9s]
[196/506] 查询: 曹格                            ... ⚠️  未找到 [681.4s]
[197/506] 查询: 曾轶可                           ... ✅ 30 首 [684.8s]
[198/506] 查询: 本多                            ... ✅ 30 首 [688.5s]
[199/506] 查询: 朱婧汐                           ... ✅ 30 首 [692.8s]
[200/506] 查询: 朴树                            ... ✅ 30 首 [695.9s]
[201/506] 查询: 李丽芬                           ... ✅ 30 首 [699.6s]
[202/506] 查询: 李代沫                           ... ✅ 30 首 [702.7s]
[203/506] 查询: 李佳薇                           ... ✅ 30 首 [707.5s]
[204/506] 查询: 李健                            ... ✅ 30 首 [711.5s]
[205/506] 查询: 李克勤                           ... ✅ 30 首 [715.3s]
[206/506] 查询: 李圣杰                           ... ✅ 30 首 [718.5s]
[207/506] 查询: 李娜                            ... ✅ 30 首 [721.5s]
[208/506] 查询: 李宇春                           ... ✅ 30 首 [724.6s]
[209/506] 查询: 李宗盛                           ... ✅ 30 首 [728.5s]
[210/506] 查询: 李度                            ... ✅ 30 首 [731.5s]
[211/506] 查询: 李志                            ... ✅ 30 首 [734.5s]
[212/506] 查询: 李慧珍                           ... ✅ 30 首 [737.6s]
[213/506] 查询: 李晓杰                           ... ✅ 30 首 [740.6s]
[214/506] 查询: 李玉刚                           ... ⚠️  未找到 [745.2s]
[215/506] 查询: 李玖哲                           ... ✅ 30 首 [748.7s]
[216/506] 查询: 李玟                            ... ✅ 30 首 [753.2s]
[217/506] 查询: 李琦                            ... ✅ 30 首 [756.2s]
[218/506] 查询: 李翊君                           ... ✅ 30 首 [761.3s]
[219/506] 查询: 李荣浩                           ... ✅ 30 首 [764.5s]
[220/506] 查询: 李行亮                           ... ✅ 30 首 [768.4s]
[221/506] 查询: 李雅微                           ... ✅ 4 首 [771.5s]
[222/506] 查询: 杜德伟                           ... ✅ 30 首 [776.5s]
[223/506] 查询: 杜雯惠                           ... ✅ 30 首 [779.7s]
[224/506] 查询: 杨丞琳                           ... ✅ 30 首 [782.5s]
[225/506] 查询: 杨乃文                           ... ✅ 30 首 [785.5s]
[226/506] 查询: 杨千嬅                           ... ✅ 30 首 [789.4s]
[227/506] 查询: 杨坤                            ... ✅ 30 首 [792.6s]
[228/506] 查询: 杨培安                           ... ✅ 30 首 [795.7s]
[229/506] 查询: 杨宗纬                           ... ✅ 30 首 [799.3s]
[230/506] 查询: 杨幂                            ... ✅ 21 首 [803.3s]
[231/506] 查询: 杨采妮                           ... ⚠️  未找到 [809.4s]
[232/506] 查询: 杨钰莹                           ... ✅ 30 首 [813.0s]
[233/506] 查询: 林俊杰                           ... ✅ 30 首 [816.0s]
[234/506] 查询: 林姗姗                           ... ✅ 1 首 [820.1s]
[235/506] 查询: 林子祥                           ... ✅ 30 首 [825.6s]
[236/506] 查询: 林宥嘉                           ... ✅ 30 首 [828.6s]
[237/506] 查询: 林家谦                           ... ✅ 30 首 [831.7s]
[238/506] 查询: 林峯                            ... ✅ 30 首 [834.7s]
[239/506] 查询: 林忆莲                           ... ✅ 30 首 [837.7s]
[240/506] 查询: 林志炫                           ... ✅ 30 首 [841.5s]
[241/506] 查询: 林志美                           ... ✅ 30 首 [845.9s]
[242/506] 查询: 林志颖                           ... ✅ 30 首 [848.9s]
[243/506] 查询: 林晓培                           ... ⚠️  未找到 [851.9s]
[244/506] 查询: 林隆璇                           ... ✅ 30 首 [855.4s]
[245/506] 查询: 枯木逢春                          ... ✅ 30 首 [859.9s]
[246/506] 查询: 柯以敏                           ... ✅ 30 首 [863.6s]
[247/506] 查询: 柯受良                           ... ✅ 2 首 [867.5s]
[248/506] 查询: 柳爽                            ... ✅ 30 首 [872.3s]
[249/506] 查询: 格格                            ... ✅ 28 首 [876.0s]
[250/506] 查询: 梁博                            ... ✅ 30 首 [880.0s]
[251/506] 查询: 梁咏琪                           ... ✅ 30 首 [883.8s]
[252/506] 查询: 梁心颐                           ... ✅ 30 首 [886.9s]
[253/506] 查询: 梁朝伟                           ... ✅ 30 首 [889.9s]
[254/506] 查询: 梁汉文                           ... ✅ 30 首 [893.0s]
[255/506] 查询: 梁雁翎                           ... ✅ 30 首 [896.7s]
[256/506] 查询: 梅艳芳                           ... ✅ 30 首 [899.6s]
[257/506] 查询: 梦飞船                           ... ✅ 30 首 [904.1s]
[258/506] 查询: 樊凡                            ... ✅ 1 首 [907.1s]
[259/506] 查询: 欢子                            ... ✅ 30 首 [911.7s]
[260/506] 查询: 欧得洋                           ... ✅ 30 首 [916.0s]
[261/506] 查询: 毛不易                           ... ✅ 30 首 [919.0s]
[262/506] 查询: 毛阿敏                           ... ✅ 30 首 [922.1s]
[263/506] 查询: 水木年华                          ... ✅ 30 首 [925.8s]
[264/506] 查询: 永邦                            ... ✅ 12 首 [929.7s]
[265/506] 查询: 江涛                            ... ✅ 30 首 [936.0s]
[266/506] 查询: 江淑娜                           ... ✅ 30 首 [940.1s]
[267/506] 查询: 江美琪                           ... ✅ 30 首 [943.6s]
[268/506] 查询: 江蕙                            ... ✅ 30 首 [946.6s]
[269/506] 查询: 汤宝如                           ... ✅ 30 首 [949.5s]
[270/506] 查询: 汪东城                           ... ⚠️  未找到 [952.6s]
[271/506] 查询: 汪峰                            ... ✅ 30 首 [956.0s]
[272/506] 查询: 汪苏泷                           ... ✅ 30 首 [959.1s]
[273/506] 查询: 沙宝亮                           ... ✅ 30 首 [962.1s]
[274/506] 查询: 洪佩瑜                           ... ⚠️  未找到 [965.2s]
[275/506] 查询: 浅影阿                           ... ✅ 30 首 [968.6s]
[276/506] 查询: 海来阿木                          ... ✅ 30 首 [972.3s]
[277/506] 查询: 海鸣威                           ... ✅ 30 首 [975.5s]
[278/506] 查询: 温岚                            ... ✅ 30 首 [980.9s]
[279/506] 查询: 游鸿明                           ... ✅ 30 首 [984.1s]
[280/506] 查询: 潘安邦                           ... ✅ 30 首 [987.1s]
[281/506] 查询: 潘玮柏                           ... ⚠️  未找到 [990.1s]
[282/506] 查询: 潘美辰                           ... ✅ 30 首 [993.6s]
[283/506] 查询: 熊天平                           ... ⚠️  未找到 [997.2s]
[284/506] 查询: 爱乐团                           ... ✅ 11 首 [1000.7s]
[285/506] 查询: 王以太                           ... ✅ 30 首 [1005.5s]
[286/506] 查询: 王冰洋                           ... ✅ 30 首 [1009.6s]
[287/506] 查询: 王力宏                           ... ✅ 30 首 [1012.8s]
[288/506] 查询: 王加一                           ... ✅ 25 首 [1015.7s]
[289/506] 查询: 王北车                           ... ✅ 20 首 [1021.0s]
[290/506] 查询: 王嘉尔                           ... ✅ 1 首 [1026.4s]
[291/506] 查询: 王心凌                           ... ✅ 30 首 [1031.9s]
[292/506] 查询: 王晴                            ... ✅ 30 首 [1034.8s]
[293/506] 查询: 王杰                            ... ✅ 30 首 [1038.0s]
[294/506] 查询: 王童语                           ... ✅ 12 首 [1041.1s]
[295/506] 查询: 王菲                            ... ✅ 30 首 [1046.7s]
[296/506] 查询: 王蓉                            ... ✅ 30 首 [1050.5s]
[297/506] 查询: 王贰浪                           ... ✅ 24 首 [1054.4s]
[298/506] 查询: 王铮亮                           ... ✅ 30 首 [1061.1s]
[299/506] 查询: 王闻                            ... ✅ 30 首 [1064.3s]
[300/506] 查询: 王韵                            ... ✅ 30 首 [1067.2s]
[301/506] 查询: 王馨平                           ... ✅ 30 首 [1071.1s]
[302/506] 查询: 珂拉琪                           ... ✅ 18 首 [1074.2s]
[303/506] 查询: 理塘丁真                          ... ✅ 2 首 [1078.5s]
[304/506] 查询: 甘萍                            ... ✅ 3 首 [1082.8s]
[305/506] 查询: 田震                            ... ✅ 30 首 [1088.8s]
[306/506] 查询: 田馥甄                           ... ✅ 30 首 [1091.8s]
[307/506] 查询: 痛仰乐队                          ... ✅ 30 首 [1094.8s]
[308/506] 查询: 盘尼西林                          ... ✅ 30 首 [1097.9s]
[309/506] 查询: 神木与瞳                          ... ✅ 16 首 [1101.6s]
[310/506] 查询: 福禄寿                           ... ✅ 23 首 [1105.4s]
[311/506] 查询: 程响                            ... ✅ 30 首 [1109.8s]
[312/506] 查询: 童丽                            ... ✅ 30 首 [1113.5s]
[313/506] 查询: 童安格                           ... ✅ 30 首 [1116.7s]
[314/506] 查询: 筷子兄弟                          ... ✅ 13 首 [1119.8s]
[315/506] 查询: 简弘亦                           ... ✅ 30 首 [1125.4s]
[316/506] 查询: 纪如璟                           ... ✅ 10 首 [1128.5s]
[317/506] 查询: 纵贯线                           ... ✅ 13 首 [1135.0s]
[318/506] 查询: 罗嘉良                           ... ⚠️  未找到 [1139.1s]
[319/506] 查询: 罗大佑                           ... ✅ 30 首 [1142.5s]
[320/506] 查询: 罗志祥                           ... ✅ 30 首 [1146.3s]
[321/506] 查询: 罗文                            ... ✅ 30 首 [1149.9s]
[322/506] 查询: 美秀集团                          ... ✅ 30 首 [1153.0s]
[323/506] 查询: 羽泉                            ... ⚠️  未找到 [1156.1s]
[324/506] 查询: 翁素英                           ... ⚠️  未找到 [1161.4s]
[325/506] 查询: 胡夏                            ... ✅ 30 首 [1165.0s]
[326/506] 查询: 胡彦斌                           ... ✅ 30 首 [1168.9s]
[327/506] 查询: 胡歌                            ... ✅ 30 首 [1172.0s]
[328/506] 查询: 腾格尔                           ... ✅ 30 首 [1175.1s]
[329/506] 查询: 艾热                            ... ⚠️  未找到 [1178.1s]
[330/506] 查询: 艾辰                            ... ✅ 30 首 [1181.6s]
[331/506] 查询: 花粥                            ... ✅ 30 首 [1184.6s]
[332/506] 查询: 苏慧伦                           ... ✅ 30 首 [1187.7s]
[333/506] 查询: 苏打绿                           ... ✅ 30 首 [1191.5s]
[334/506] 查询: 苏有朋                           ... ✅ 30 首 [1194.5s]
[335/506] 查询: 苏芮                            ... ✅ 30 首 [1197.5s]
[336/506] 查询: 范文芳                           ... ✅ 3 首 [1200.8s]
[337/506] 查询: 范晓萱                           ... ✅ 30 首 [1206.5s]
[338/506] 查询: 范玮琪                           ... ✅ 30 首 [1209.5s]
[339/506] 查询: 范逸臣                           ... ✅ 30 首 [1212.4s]
[340/506] 查询: 茄子蛋                           ... ✅ 30 首 [1215.4s]
[341/506] 查询: 草蜢                            ... ✅ 30 首 [1219.6s]
[342/506] 查询: 莫文蔚                           ... ✅ 30 首 [1222.6s]
[343/506] 查询: 萧亚轩                           ... ✅ 30 首 [1225.6s]
[344/506] 查询: 萧忆情Alex                       ... ✅ 30 首 [1228.6s]
[345/506] 查询: 萧敬腾                           ... ✅ 30 首 [1232.0s]
[346/506] 查询: 萧煌奇                           ... ✅ 30 首 [1235.2s]
[347/506] 查询: 萨顶顶                           ... ✅ 30 首 [1238.2s]
[348/506] 查询: 落日飞车                          ... ✅ 30 首 [1241.3s]
[349/506] 查询: 葛东琪                           ... ✅ 30 首 [1244.5s]
[350/506] 查询: 蒋山                            ... ⚠️  未找到 [1248.3s]
[351/506] 查询: 蓝又时                           ... ✅ 30 首 [1251.9s]
[352/506] 查询: 蓝心羽                           ... ✅ 30 首 [1255.9s]
[353/506] 查询: 蔡依林                           ... ✅ 30 首 [1258.8s]
[354/506] 查询: 蔡健雅                           ... ✅ 30 首 [1262.6s]
[355/506] 查询: 蔡卓妍                           ... ✅ 16 首 [1265.6s]
[356/506] 查询: 蔡旻佑                           ... ✅ 30 首 [1270.8s]
[357/506] 查询: 蔡淳佳                           ... ✅ 30 首 [1273.7s]
[358/506] 查询: 蔡琴                            ... ✅ 30 首 [1276.8s]
[359/506] 查询: 薛之谦                           ... ✅ 30 首 [1281.2s]
[360/506] 查询: 虎二                            ... ✅ 30 首 [1284.4s]
[361/506] 查询: 袁凤瑛                           ... ✅ 30 首 [1288.8s]
[362/506] 查询: 袁娅维                           ... ✅ 30 首 [1292.2s]
[363/506] 查询: 裘海正                           ... ✅ 30 首 [1296.3s]
[364/506] 查询: 詹雯婷                           ... ✅ 25 首 [1300.1s]
[365/506] 查询: 誓言                            ... ✅ 12 首 [1304.8s]
[366/506] 查询: 许佳慧                           ... ✅ 16 首 [1312.0s]
[367/506] 查询: 许冠杰                           ... ✅ 30 首 [1318.1s]
[368/506] 查询: 许富凯                           ... ✅ 30 首 [1321.9s]
[369/506] 查询: 许嵩                            ... ✅ 30 首 [1325.0s]
[370/506] 查询: 许巍                            ... ✅ 30 首 [1329.4s]
[371/506] 查询: 许志安                           ... ✅ 30 首 [1333.1s]
[372/506] 查询: 许慧欣                           ... ✅ 30 首 [1337.1s]
[373/506] 查询: 许绍洋                           ... ✅ 29 首 [1340.1s]
[374/506] 查询: 许美静                           ... ✅ 30 首 [1344.4s]
[375/506] 查询: 许茹芸                           ... ✅ 30 首 [1347.4s]
[376/506] 查询: 许飞                            ... ✅ 30 首 [1352.3s]
[377/506] 查询: 谢安琪                           ... ✅ 30 首 [1356.2s]
[378/506] 查询: 谢春花                           ... ✅ 30 首 [1359.2s]
[379/506] 查询: 谢霆锋                           ... ✅ 30 首 [1362.9s]
[380/506] 查询: 谭咏麟                           ... ✅ 30 首 [1366.1s]
[381/506] 查询: 谭晶                            ... ✅ 30 首 [1369.9s]
[382/506] 查询: 谭维维                           ... ✅ 30 首 [1373.0s]
[383/506] 查询: 贰佰                            ... ✅ 30 首 [1375.9s]
[384/506] 查询: 费玉清                           ... ✅ 30 首 [1379.8s]
[385/506] 查询: 赵传                            ... ✅ 30 首 [1382.9s]
[386/506] 查询: 赵钶                            ... ✅ 22 首 [1386.7s]
[387/506] 查询: 赵雷                            ... ✅ 30 首 [1391.6s]
[388/506] 查询: 赵鹏                            ... ✅ 30 首 [1396.2s]
[389/506] 查询: 辛晓琪                           ... ✅ 30 首 [1399.1s]
[390/506] 查询: 达明一派                          ... ⚠️  未找到 [1402.2s]
[391/506] 查询: 迪克牛仔                          ... ✅ 30 首 [1405.9s]
[392/506] 查询: 追星族                           ... ⚠️  未找到 [1408.8s]
[393/506] 查询: 逃跑计划                          ... ✅ 30 首 [1414.2s]
[394/506] 查询: 邓丽君                           ... ✅ 30 首 [1417.4s]
[395/506] 查询: 邓丽欣                           ... ✅ 30 首 [1421.4s]
[396/506] 查询: 邓典果                           ... ✅ 30 首 [1425.1s]
[397/506] 查询: 邓瑞霞                           ... ✅ 30 首 [1428.1s]
[398/506] 查询: 邝美云                           ... ✅ 30 首 [1431.8s]
[399/506] 查询: 那英                            ... ✅ 30 首 [1434.9s]
[400/506] 查询: 邰正宵                           ... ✅ 30 首 [1438.8s]
[401/506] 查询: 邱振哲                           ... ✅ 25 首 [1441.8s]
[402/506] 查询: 邵帅                            ... ✅ 30 首 [1445.9s]
[403/506] 查询: 郁可唯                           ... ✅ 30 首 [1449.7s]
[404/506] 查询: 郑中基                           ... ✅ 30 首 [1454.3s]
[405/506] 查询: 郑伊健                           ... ⚠️  未找到 [1458.2s]
[406/506] 查询: 郑宜农                           ... ✅ 30 首 [1461.6s]
[407/506] 查询: 郑少秋                           ... ✅ 30 首 [1466.1s]
[408/506] 查询: 郑智化                           ... ✅ 30 首 [1469.2s]
[409/506] 查询: 郑欣宜                           ... ✅ 30 首 [1472.2s]
[410/506] 查询: 郑源                            ... ✅ 15 首 [1475.3s]
[411/506] 查询: 郑秀文                           ... ⚠️  未找到 [1480.2s]
[412/506] 查询: 郑钧                            ... ✅ 30 首 [1483.7s]
[413/506] 查询: 郭富城                           ... ⚠️  未找到 [1488.4s]
[414/506] 查询: 郭峰                            ... ✅ 21 首 [1491.8s]
[415/506] 查询: 郭静                            ... ✅ 30 首 [1497.0s]
[416/506] 查询: 郭顶                            ... ✅ 20 首 [1500.0s]
[417/506] 查询: 金志文                           ... ✅ 30 首 [1505.4s]
[418/506] 查询: 金池                            ... ✅ 30 首 [1508.5s]
[419/506] 查询: 金海心                           ... ✅ 30 首 [1512.3s]
[420/506] 查询: 金玟歧                           ... ⚠️  未找到 [1516.1s]
[421/506] 查询: 金莎                            ... ✅ 30 首 [1519.5s]
[422/506] 查询: 金贵晟                           ... ✅ 30 首 [1522.6s]
[423/506] 查询: 钟镇涛                           ... ✅ 30 首 [1525.8s]
[424/506] 查询: 阿冗                            ... ✅ 30 首 [1529.7s]
[425/506] 查询: 阿木                            ... ✅ 30 首 [1534.3s]
[426/506] 查询: 阿朵                            ... ✅ 30 首 [1537.4s]
[427/506] 查询: 阿桑                            ... ✅ 29 首 [1541.7s]
[428/506] 查询: 阿里郎                           ... ✅ 26 首 [1548.5s]
[429/506] 查询: 陆虎                            ... ✅ 30 首 [1556.1s]
[430/506] 查询: 陈一发儿                          ... ⚠️  未找到 [1560.6s]
[431/506] 查询: 陈冠希                           ... ✅ 30 首 [1565.7s]
[432/506] 查询: 陈冠蒲                           ... ✅ 11 首 [1569.3s]
[433/506] 查询: 陈势安                           ... ✅ 30 首 [1575.0s]
[434/506] 查询: 陈坤                            ... ✅ 30 首 [1578.4s]
[435/506] 查询: 陈奕迅                           ... ✅ 30 首 [1582.6s]
[436/506] 查询: 陈子晴                           ... ✅ 30 首 [1588.3s]
[437/506] 查询: 陈小云                           ... ✅ 30 首 [1591.9s]
[438/506] 查询: 陈小春                           ... ✅ 30 首 [1595.4s]
[439/506] 查询: 陈小霞                           ... ✅ 27 首 [1600.6s]
[440/506] 查询: 陈慧娴                           ... ✅ 30 首 [1608.4s]
[441/506] 查询: 陈慧琳                           ... ⚠️  未找到 [1612.4s]
[442/506] 查询: 陈明                            ... ✅ 30 首 [1616.4s]
[443/506] 查询: 陈明真                           ... ✅ 30 首 [1620.4s]
[444/506] 查询: 陈晓东                           ... ✅ 30 首 [1624.5s]
[445/506] 查询: 陈楚生                           ... ✅ 30 首 [1628.3s]
[446/506] 查询: 陈洁仪                           ... ✅ 30 首 [1632.3s]
[447/506] 查询: 陈浩民                           ... ✅ 7 首 [1635.7s]
[448/506] 查询: 陈淑桦                           ... ✅ 30 首 [1640.9s]
[449/506] 查询: 陈琳                            ... ✅ 16 首 [1646.3s]
[450/506] 查询: 陈瑞                            ... ✅ 30 首 [1651.8s]
[451/506] 查询: 陈百强                           ... ✅ 30 首 [1655.9s]
[452/506] 查询: 陈粒                            ... ✅ 30 首 [1659.2s]
[453/506] 查询: 陈红                            ... ✅ 30 首 [1663.1s]
[454/506] 查询: 陈绮贞                           ... ✅ 30 首 [1666.9s]
[455/506] 查询: 陈雅森                           ... ✅ 30 首 [1671.1s]
[456/506] 查询: 陶喆                            ... ✅ 30 首 [1675.5s]
[457/506] 查询: 陶晶莹                           ... ✅ 30 首 [1678.8s]
[458/506] 查询: 隔壁老樊                          ... ✅ 30 首 [1682.7s]
[459/506] 查询: 雷婷                            ... ✅ 30 首 [1687.3s]
[460/506] 查询: 韦伦                            ... ✅ 30 首 [1691.5s]
[461/506] 查询: 韦唯                            ... ✅ 30 首 [1695.4s]
[462/506] 查询: 韦礼安                           ... ✅ 30 首 [1699.6s]
[463/506] 查询: 韩宝仪                           ... ✅ 30 首 [1703.5s]
[464/506] 查询: 韩红                            ... ✅ 30 首 [1707.2s]
[465/506] 查询: 韩雪                            ... ✅ 30 首 [1712.5s]
[466/506] 查询: 音频怪物                          ... ✅ 30 首 [1717.9s]
[467/506] 查询: 顺子                            ... ✅ 30 首 [1723.2s]
[468/506] 查询: 飞轮海                           ... ✅ 30 首 [1727.1s]
[469/506] 查询: 马兆骏                           ... ✅ 30 首 [1731.3s]
[470/506] 查询: 马天宇                           ... ✅ 30 首 [1735.0s]
[471/506] 查询: 马思唯                           ... ⚠️  未找到 [1741.2s]
[472/506] 查询: 马良                            ... ✅ 10 首 [1748.3s]
[473/506] 查询: 马郁                            ... ✅ 19 首 [1752.8s]
[474/506] 查询: 马頔                            ... ✅ 22 首 [1759.9s]
[475/506] 查询: 高明骏                           ... ✅ 30 首 [1770.4s]
[476/506] 查询: 高胜美                           ... ✅ 30 首 [1777.7s]
[477/506] 查询: 魏如萱                           ... ✅ 30 首 [1782.3s]
[478/506] 查询: 魏晨                            ... ✅ 11 首 [1787.5s]
[479/506] 查询: 鹿先森乐队                         ... ⚠️  未找到 [1792.5s]
[480/506] 查询: 麦浚龙                           ... ✅ 30 首 [1796.6s]
[481/506] 查询: 麻园诗人                          ... ✅ 30 首 [1802.9s]
[482/506] 查询: 黄丽玲                           ... ⚠️  未找到 [1806.5s]
[483/506] 查询: 黄义达                           ... ✅ 30 首 [1813.0s]
[484/506] 查询: 黄乙玲                           ... ⚠️  未找到 [1816.4s]
[485/506] 查询: 黄凯芹                           ... ✅ 30 首 [1820.0s]
[486/506] 查询: 黄品源                           ... ✅ 30 首 [1824.0s]
[487/506] 查询: 黄安                            ... ⚠️  未找到 [1830.4s]
[488/506] 查询: 黄小琥                           ... ✅ 30 首 [1834.2s]
[489/506] 查询: 黄征                            ... ✅ 30 首 [1837.9s]
[490/506] 查询: 黄旭                            ... ✅ 30 首 [1841.5s]
[491/506] 查询: 黄磊                            ... ✅ 30 首 [1846.2s]
[492/506] 查询: 黄绮珊                           ... ✅ 30 首 [1850.6s]
[493/506] 查询: 黄舒骏                           ... ✅ 30 首 [1855.1s]
[494/506] 查询: 黄莺莺                           ... ✅ 30 首 [1862.2s]
[495/506] 查询: 黄阅                            ... ✅ 9 首 [1868.2s]
[496/506] 查询: 黄霄雲                           ... ✅ 30 首 [1873.1s]
[497/506] 查询: 黄韵玲                           ... ✅ 30 首 [1876.5s]
[498/506] 查询: 黄龄                            ... ⚠️  未找到 [1880.1s]
[499/506] 查询: 黎姿                            ... ✅ 18 首 [1884.6s]
[500/506] 查询: 黎明                            ... ✅ 30 首 [1892.1s]
[501/506] 查询: 黎瑞恩                           ... ✅ 30 首 [1897.2s]
[502/506] 查询: 黑屋乐队                          ... ✅ 30 首 [1902.8s]
[503/506] 查询: 黑豹乐队                          ... ✅ 30 首 [1906.3s]
[504/506] 查询: 齐秦                            ... ✅ 30 首 [1910.7s]
[505/506] 查询: 齐豫                            ... ✅ 30 首 [1914.5s]
[506/506] 查询: 龙飘飘                           ... ✅ 30 首 [1919.3s]

════════════════════════════════════════════════════════════

📊 处理完成!

✅ 成功: 448
❌ 失败/未找到: 58
📈 成功率: 88.5%
⏱️  总耗时: 1922.1s
⚡ 平均速度: 0.3 个/秒

⚠️  未找到的歌手 (58):
   • TANK 吕建忠
   • 何韵诗
   • 关淑怡
   • 刘柏辛
   • 南合文斗
   • 叶丽仪
   • 后弦
   • 吕方
   • 吕莘
   • 吳若希
   ... 和 48 个
📝 已记录到: /Volumes/Music/not_found.txt


✨ 所有结果已保存到各歌手目录的 hot_songs.txt

