
📂 开始整理热门歌曲
📍 目录: /Volumes/Music/歌手分类
👥 歌手总数: 506
🔄 待处理: 506
💾 模式: 实际移动

[  1/506] Beyond                        ... ✅ 找到并移动 16 首
[  2/506] C.S.B.Q                       ... ✅ 找到并移动 9 首
[  3/506] Crispy脆乐团                     ... ✅ 找到并移动 8 首
[  4/506] Deca joins                    ... ✅ 找到并移动 17 首
[  5/506] F.I.R.飞儿乐团                    ... ✅ 找到并移动 22 首
[  6/506] F4                            ... ✅ 找到并移动 4 首
[  7/506] GALA                          ... ✅ 找到并移动 15 首
[  8/506] Gareth.T                      ... ✅ 找到并移动 7 首
[  9/506] Hush                          ... ✅ 找到并移动 5 首
[ 10/506] S.H.E                         ... ✅ 找到并移动 7 首
[ 11/506] Sweety                        ... ✅ 找到并移动 19 首
[ 13/506] Twins                         ... ✅ 找到并移动 17 首
[ 14/506] VH (Vast & Hazy)              ... ✅ 找到并移动 19 首
[ 15/506] 一支榴莲                          ... ⚠️  未找到任何歌曲
[ 16/506] 丁当                            ... ✅ 找到并移动 27 首
[ 17/506] 万能青年旅店                        ... ✅ 找到并移动 8 首
[ 18/506] 万芳                            ... ✅ 找到并移动 17 首
[ 19/506] 严艺丹                           ... ✅ 找到并移动 13 首
[ 20/506] 二手玫瑰                          ... ✅ 找到并移动 20 首
[ 21/506] 于文文                           ... ✅ 找到并移动 18 首
[ 22/506] 于果                            ... ✅ 找到并移动 7 首
[ 23/506] 于贞                            ... ✅ 找到并移动 5 首
[ 24/506] 云菲菲                           ... ✅ 找到并移动 8 首
[ 25/506] 五月天                           ... ✅ 找到并移动 24 首
[ 26/506] 五条人                           ... ✅ 找到并移动 20 首
[ 27/506] 井胧                            ... ✅ 找到并移动 3 首
[ 28/506] 任夏                            ... ✅ 找到并移动 2 首
[ 29/506] 任然                            ... ✅ 找到并移动 5 首
[ 30/506] 任素汐                           ... ✅ 找到并移动 8 首
[ 31/506] 任贤齐                           ... ✅ 找到并移动 23 首
[ 32/506] 伊能静                           ... ✅ 找到并移动 3 首
[ 33/506] 伍佰                            ... ✅ 找到并移动 20 首
[ 34/506] 伍思凯                           ... ✅ 找到并移动 1 首
[ 35/506] 优客李林                          ... ✅ 找到并移动 18 首
[ 36/506] 低苦艾                           ... ✅ 找到并移动 17 首
[ 37/506] 何婉盈                           ... ✅ 找到并移动 1 首
[ 38/506] 何晟铭                           ... ✅ 找到并移动 9 首
[ 39/506] 何洁                            ... ✅ 找到并移动 12 首
[ 40/506] 何炅                            ... ✅ 找到并移动 9 首
[ 42/506] 侃侃                            ... ✅ 找到并移动 7 首
[ 43/506] 侯湘婷                           ... ✅ 找到并移动 11 首
[ 44/506] 信                             ... ✅ 找到并移动 5 首
[ 45/506] 信乐团                           ... ✅ 找到并移动 20 首
[ 46/506] 光头华夏                          ... ✅ 找到并移动 1 首
[ 47/506] 光泽                            ... ✅ 找到并移动 13 首
[ 48/506] 光良                            ... ✅ 找到并移动 13 首
[ 49/506] 六哲                            ... ✅ 找到并移动 14 首
[ 51/506] 凤凰传奇                          ... ✅ 找到并移动 7 首
[ 52/506] 凤飞飞                           ... ✅ 找到并移动 20 首
[ 53/506] 刀郎                            ... ✅ 找到并移动 5 首
[ 54/506] 刘可                            ... ✅ 找到并移动 1 首
[ 55/506] 刘嘉亮                           ... ✅ 找到并移动 4 首
[ 56/506] 刘小慧                           ... ✅ 找到并移动 16 首
[ 57/506] 刘德华                           ... ✅ 找到并移动 19 首
[ 58/506] 刘惜君                           ... ✅ 找到并移动 6 首
[ 59/506] 刘文正                           ... ✅ 找到并移动 11 首
[ 60/506] 刘昊霖                           ... ⚠️  未找到任何歌曲
[ 62/506] 刘森                            ... ✅ 找到并移动 10 首
[ 63/506] 刘欢                            ... ✅ 找到并移动 9 首
[ 64/506] 刘沁                            ... ✅ 找到并移动 13 首
[ 65/506] 刘珂矣                           ... ✅ 找到并移动 16 首
[ 66/506] 刺猬乐队                          ... ✅ 找到并移动 6 首
[ 67/506] 动力火车                          ... ✅ 找到并移动 15 首
[ 68/506] 区瑞强                           ... ✅ 找到并移动 14 首
[ 69/506] 千百惠                           ... ✅ 找到并移动 9 首
[ 70/506] 单依纯                           ... ✅ 找到并移动 13 首
[ 72/506] 南征北战                          ... ⚠️  未找到任何歌曲
[ 73/506] 南拳妈妈                          ... ✅ 找到并移动 1 首
[ 74/506] 卢冠廷                           ... ✅ 找到并移动 11 首
[ 75/506] 卫兰                            ... ✅ 找到并移动 16 首
[ 76/506] 古巨基                           ... ✅ 找到并移动 14 首
[ 77/506] 叶丽仪                           ... ✅ 找到并移动 5 首
[ 78/506] 叶倩文                           ... ✅ 找到并移动 1 首
[ 79/506] 叶启田                           ... ✅ 找到并移动 11 首
[ 80/506] 叶振棠                           ... ✅ 找到并移动 5 首
[ 81/506] 后弦                            ... ✅ 找到并移动 1 首
[ 82/506] 吕方                            ... ✅ 找到并移动 8 首
[ 83/506] 吕莘                            ... ✅ 找到并移动 2 首
[ 85/506] 吴倩莲                           ... ✅ 找到并移动 1 首
[ 86/506] 吴克群                           ... ✅ 找到并移动 8 首
[ 87/506] 吴奇隆                           ... ✅ 找到并移动 11 首
[ 88/506] 吴雨霏                           ... ✅ 找到并移动 10 首
[ 89/506] 吴青峰                           ... ✅ 找到并移动 12 首
[ 90/506] 告五人                           ... ✅ 找到并移动 14 首
[ 91/506] 周兴哲                           ... ✅ 找到并移动 16 首
[ 92/506] 周华健                           ... ✅ 找到并移动 1 首
[ 93/506] 周启生                           ... ✅ 找到并移动 11 首
[ 94/506] 周子寒                           ... ✅ 找到并移动 3 首
[ 95/506] 周延 (GAI)                      ... ✅ 找到并移动 9 首
[ 96/506] 周思涵                           ... ✅ 找到并移动 3 首
[ 97/506] 周慧敏                           ... ✅ 找到并移动 16 首
[ 98/506] 周深                            ... ✅ 找到并移动 2 首
[ 99/506] 周笔畅                           ... ✅ 找到并移动 4 首
[100/506] 周蕙                            ... ✅ 找到并移动 10 首
[101/506] 品冠                            ... ✅ 找到并移动 6 首
[103/506] 唐汉霄                           ... ✅ 找到并移动 5 首
[104/506] 唐磊                            ... ⚠️  未找到任何歌曲
[105/506] 回音哥                           ... ✅ 找到并移动 7 首
[106/506] 夏日入侵企画                        ... ⚠️  未找到任何歌曲
[107/506] 大壮                            ... ✅ 找到并移动 1 首
[108/506] 姚贝娜                           ... ✅ 找到并移动 5 首
[109/506] 姜涛                            ... ✅ 找到并移动 10 首
[110/506] 姜玉阳                           ... ✅ 找到并移动 7 首
[111/506] 姜育恒                           ... ✅ 找到并移动 17 首
[112/506] 娃娃                            ... ✅ 找到并移动 7 首
[113/506] 孙悦                            ... ✅ 找到并移动 8 首
[114/506] 孙楠                            ... ✅ 找到并移动 1 首
[115/506] 孙燕姿                           ... ✅ 找到并移动 13 首
[116/506] 孙耀威                           ... ✅ 找到并移动 9 首
[117/506] 孙露                            ... ✅ 找到并移动 7 首
[118/506] 孟庭苇                           ... ✅ 找到并移动 13 首
[119/506] 宇桐非                           ... ✅ 找到并移动 10 首
[120/506] 安又琪                           ... ✅ 找到并移动 9 首
[121/506] 安琥                            ... ✅ 找到并移动 9 首
[122/506] 宋冬野                           ... ✅ 找到并移动 7 首
[123/506] 家家                            ... ✅ 找到并移动 8 首
[124/506] 容祖儿                           ... ✅ 找到并移动 14 首
[126/506] 小昔米                           ... ✅ 找到并移动 29 首
[127/506] 小虎队                           ... ✅ 找到并移动 8 首
[128/506] 小虫                            ... ✅ 找到并移动 12 首
[129/506] 少女时代                          ... ✅ 找到并移动 30 首
[130/506] 尚士达                           ... ✅ 找到并移动 9 首
[131/506] 尚雯婕                           ... ⚠️  未找到任何歌曲
[132/506] 屠洪刚                           ... ✅ 找到并移动 15 首
[133/506] 岑宁儿                           ... ✅ 找到并移动 21 首
[134/506] 崔健                            ... ✅ 找到并移动 6 首
[135/506] 川青                            ... ✅ 找到并移动 1 首
[136/506] 巫启贤                           ... ✅ 找到并移动 17 首
[137/506] 庄心妍                           ... ✅ 找到并移动 9 首
[138/506] 庞龙                            ... ⚠️  未找到任何歌曲
[139/506] 康士坦的变化球                       ... ✅ 找到并移动 16 首
[142/506] 廖昌永                           ... ✅ 找到并移动 5 首
[144/506] 张信哲                           ... ✅ 找到并移动 13 首
[145/506] 张卫健                           ... ✅ 找到并移动 13 首
[146/506] 张可儿                           ... ⚠️  未找到任何歌曲
[147/506] 张含韵                           ... ✅ 找到并移动 5 首
[148/506] 张国荣                           ... ✅ 找到并移动 15 首
[149/506] 张学友                           ... ✅ 找到并移动 18 首
[150/506] 张宇                            ... ✅ 找到并移动 15 首
[152/506] 张德兰                           ... ✅ 找到并移动 3 首
[153/506] 张惠妹                           ... ✅ 找到并移动 17 首
[154/506] 张敬轩                           ... ✅ 找到并移动 8 首
[155/506] 张杰                            ... ✅ 找到并移动 6 首
[156/506] 张柏芝                           ... ✅ 找到并移动 16 首
[157/506] 张栋梁                           ... ✅ 找到并移动 15 首
[158/506] 张洪量                           ... ✅ 找到并移动 2 首
[159/506] 张清芳                           ... ✅ 找到并移动 13 首
[160/506] 张玉华                           ... ✅ 找到并移动 8 首
[162/506] 张碧晨                           ... ✅ 找到并移动 22 首
[163/506] 张艺兴                           ... ✅ 找到并移动 4 首
[164/506] 张艾嘉                           ... ✅ 找到并移动 18 首
[165/506] 张芸京                           ... ✅ 找到并移动 5 首
[166/506] 张茜                            ... ✅ 找到并移动 2 首
[168/506] 张远                            ... ✅ 找到并移动 4 首
[169/506] 张镐哲                           ... ✅ 找到并移动 9 首
[171/506] 张震岳                           ... ✅ 找到并移动 28 首
[173/506] 弦子                            ... ⚠️  未找到任何歌曲
[175/506] 彭佳慧                           ... ✅ 找到并移动 10 首
[176/506] 彭家丽                           ... ✅ 找到并移动 19 首
[178/506] 彭芳                            ... ✅ 找到并移动 9 首
[180/506] 徐小凤                           ... ✅ 找到并移动 14 首
[181/506] 徐怀钰                           ... ✅ 找到并移动 11 首
[182/506] 徐海俏                           ... ⚠️  未找到任何歌曲
[183/506] 徐秉龙                           ... ✅ 找到并移动 1 首
[184/506] 徐若瑄                           ... ✅ 找到并移动 9 首
[185/506] 徐誉滕                           ... ✅ 找到并移动 13 首
[186/506] 慕容晓晓                          ... ✅ 找到并移动 6 首
[187/506] 成龙                            ... ✅ 找到并移动 12 首
[188/506] 戴佩妮                           ... ✅ 找到并移动 9 首
[189/506] 房东的猫                          ... ✅ 找到并移动 15 首
[190/506] 执纸大魔王                         ... ✅ 找到并移动 7 首
[191/506] 方丽盈                           ... ✅ 找到并移动 19 首
[193/506] 曲婉婷                           ... ✅ 找到并移动 12 首
[194/506] 曲肖冰                           ... ✅ 找到并移动 3 首
[197/506] 曾轶可                           ... ✅ 找到并移动 7 首
[198/506] 本多                            ... ✅ 找到并移动 7 首
[199/506] 朱婧汐                           ... ✅ 找到并移动 20 首
[200/506] 朴树                            ... ✅ 找到并移动 25 首
[201/506] 李丽芬                           ... ✅ 找到并移动 9 首
[202/506] 李代沫                           ... ✅ 找到并移动 18 首
[203/506] 李佳薇                           ... ✅ 找到并移动 21 首
[204/506] 李健                            ... ✅ 找到并移动 15 首
[205/506] 李克勤                           ... ✅ 找到并移动 12 首
[206/506] 李圣杰                           ... ✅ 找到并移动 16 首
[207/506] 李娜                            ... ✅ 找到并移动 6 首
[208/506] 李宇春                           ... ✅ 找到并移动 3 首
[209/506] 李宗盛                           ... ✅ 找到并移动 11 首
[210/506] 李度                            ... ✅ 找到并移动 19 首
[211/506] 李志                            ... ⚠️  未找到任何歌曲
[212/506] 李慧珍                           ... ✅ 找到并移动 6 首
[213/506] 李晓杰                           ... ✅ 找到并移动 11 首
[215/506] 李玖哲                           ... ✅ 找到并移动 16 首
[216/506] 李玟                            ... ✅ 找到并移动 11 首
[217/506] 李琦                            ... ✅ 找到并移动 2 首
[218/506] 李翊君                           ... ✅ 找到并移动 14 首
[219/506] 李荣浩                           ... ✅ 找到并移动 30 首
[220/506] 李行亮                           ... ✅ 找到并移动 5 首
[221/506] 李雅微                           ... ✅ 找到并移动 2 首
[222/506] 杜德伟                           ... ✅ 找到并移动 7 首
[223/506] 杜雯惠                           ... ⚠️  未找到任何歌曲
[224/506] 杨丞琳                           ... ✅ 找到并移动 14 首
[225/506] 杨乃文                           ... ✅ 找到并移动 13 首
[226/506] 杨千嬅                           ... ✅ 找到并移动 11 首
[227/506] 杨坤                            ... ✅ 找到并移动 6 首
[228/506] 杨培安                           ... ✅ 找到并移动 9 首
[229/506] 杨宗纬                           ... ✅ 找到并移动 9 首
[230/506] 杨幂                            ... ✅ 找到并移动 10 首
[232/506] 杨钰莹                           ... ✅ 找到并移动 6 首
[233/506] 林俊杰                           ... ✅ 找到并移动 18 首
[234/506] 林姗姗                           ... ⚠️  未找到任何歌曲
[235/506] 林子祥                           ... ✅ 找到并移动 17 首
[236/506] 林宥嘉                           ... ✅ 找到并移动 6 首
[237/506] 林家谦                           ... ✅ 找到并移动 8 首
[238/506] 林峯                            ... ✅ 找到并移动 9 首
[239/506] 林忆莲                           ... ✅ 找到并移动 11 首
[240/506] 林志炫                           ... ✅ 找到并移动 19 首
[241/506] 林志美                           ... ✅ 找到并移动 21 首
[242/506] 林志颖                           ... ✅ 找到并移动 1 首
[244/506] 林隆璇                           ... ✅ 找到并移动 4 首
[245/506] 枯木逢春                          ... ✅ 找到并移动 14 首
[246/506] 柯以敏                           ... ⚠️  未找到任何歌曲
[247/506] 柯受良                           ... ✅ 找到并移动 1 首
[248/506] 柳爽                            ... ✅ 找到并移动 3 首
[249/506] 格格                            ... ✅ 找到并移动 7 首
[250/506] 梁博                            ... ✅ 找到并移动 14 首
[251/506] 梁咏琪                           ... ✅ 找到并移动 1 首
[252/506] 梁心颐                           ... ✅ 找到并移动 27 首
[253/506] 梁朝伟                           ... ✅ 找到并移动 5 首
[254/506] 梁汉文                           ... ✅ 找到并移动 3 首
[255/506] 梁雁翎                           ... ✅ 找到并移动 13 首
[256/506] 梅艳芳                           ... ✅ 找到并移动 21 首
[257/506] 梦飞船                           ... ✅ 找到并移动 17 首
[258/506] 樊凡                            ... ⚠️  未找到任何歌曲
[259/506] 欢子                            ... ⚠️  未找到任何歌曲
[260/506] 欧得洋                           ... ✅ 找到并移动 9 首
[261/506] 毛不易                           ... ✅ 找到并移动 24 首
[262/506] 毛阿敏                           ... ✅ 找到并移动 6 首
[263/506] 水木年华                          ... ✅ 找到并移动 5 首
[264/506] 永邦                            ... ⚠️  未找到任何歌曲
[265/506] 江涛                            ... ✅ 找到并移动 8 首
[266/506] 江淑娜                           ... ✅ 找到并移动 18 首
[267/506] 江美琪                           ... ✅ 找到并移动 3 首
[268/506] 江蕙                            ... ✅ 找到并移动 10 首
[269/506] 汤宝如                           ... ✅ 找到并移动 16 首
[271/506] 汪峰                            ... ✅ 找到并移动 21 首
[272/506] 汪苏泷                           ... ✅ 找到并移动 3 首
[273/506] 沙宝亮                           ... ✅ 找到并移动 3 首
[275/506] 浅影阿                           ... ✅ 找到并移动 3 首
[276/506] 海来阿木                          ... ✅ 找到并移动 29 首
[277/506] 海鸣威                           ... ✅ 找到并移动 3 首
[278/506] 温岚                            ... ⚠️  未找到任何歌曲
[279/506] 游鸿明                           ... ✅ 找到并移动 20 首
[280/506] 潘安邦                           ... ✅ 找到并移动 18 首
[282/506] 潘美辰                           ... ✅ 找到并移动 8 首
[284/506] 爱乐团                           ... ✅ 找到并移动 2 首
[285/506] 王以太                           ... ✅ 找到并移动 9 首
[286/506] 王冰洋                           ... ✅ 找到并移动 10 首
[287/506] 王力宏                           ... ✅ 找到并移动 17 首
[288/506] 王加一                           ... ✅ 找到并移动 11 首
[289/506] 王北车                           ... ✅ 找到并移动 1 首
[290/506] 王嘉尔                           ... ⚠️  未找到任何歌曲
[291/506] 王心凌                           ... ✅ 找到并移动 20 首
[292/506] 王晴                            ... ✅ 找到并移动 1 首
[293/506] 王杰                            ... ✅ 找到并移动 15 首
[294/506] 王童语                           ... ✅ 找到并移动 1 首
[295/506] 王菲                            ... ✅ 找到并移动 18 首
[296/506] 王蓉                            ... ⚠️  未找到任何歌曲
[297/506] 王贰浪                           ... ✅ 找到并移动 12 首
[298/506] 王铮亮                           ... ✅ 找到并移动 2 首
[299/506] 王闻                            ... ✅ 找到并移动 17 首
[300/506] 王韵                            ... ⚠️  未找到任何歌曲
[301/506] 王馨平                           ... ✅ 找到并移动 10 首
[302/506] 珂拉琪                           ... ✅ 找到并移动 5 首
[303/506] 理塘丁真                          ... ⚠️  未找到任何歌曲
[304/506] 甘萍                            ... ✅ 找到并移动 1 首
[305/506] 田震                            ... ✅ 找到并移动 13 首
[306/506] 田馥甄                           ... ✅ 找到并移动 10 首
[307/506] 痛仰乐队                          ... ✅ 找到并移动 26 首
[308/506] 盘尼西林                          ... ✅ 找到并移动 11 首
[309/506] 神木与瞳                          ... ✅ 找到并移动 7 首
[310/506] 福禄寿                           ... ✅ 找到并移动 9 首
[311/506] 程响                            ... ✅ 找到并移动 22 首
[312/506] 童丽                            ... ⚠️  未找到任何歌曲
[313/506] 童安格                           ... ✅ 找到并移动 17 首
[314/506] 筷子兄弟                          ... ✅ 找到并移动 1 首
[315/506] 简弘亦                           ... ✅ 找到并移动 3 首
[316/506] 纪如璟                           ... ✅ 找到并移动 7 首
[317/506] 纵贯线                           ... ✅ 找到并移动 10 首
[319/506] 罗大佑                           ... ✅ 找到并移动 19 首
[320/506] 罗志祥                           ... ✅ 找到并移动 12 首
[321/506] 罗文                            ... ✅ 找到并移动 15 首
[322/506] 美秀集团                          ... ✅ 找到并移动 16 首
[325/506] 胡夏                            ... ✅ 找到并移动 2 首
[326/506] 胡彦斌                           ... ✅ 找到并移动 8 首
[327/506] 胡歌                            ... ✅ 找到并移动 10 首
[328/506] 腾格尔                           ... ✅ 找到并移动 2 首
[330/506] 艾辰                            ... ✅ 找到并移动 1 首
[331/506] 花粥                            ... ✅ 找到并移动 26 首
[332/506] 苏慧伦                           ... ✅ 找到并移动 12 首
[333/506] 苏打绿                           ... ✅ 找到并移动 11 首
[334/506] 苏有朋                           ... ✅ 找到并移动 13 首
[335/506] 苏芮                            ... ✅ 找到并移动 15 首
[336/506] 范文芳                           ... ⚠️  未找到任何歌曲
[337/506] 范晓萱                           ... ✅ 找到并移动 10 首
[338/506] 范玮琪                           ... ✅ 找到并移动 7 首
[339/506] 范逸臣                           ... ✅ 找到并移动 6 首
[340/506] 茄子蛋                           ... ✅ 找到并移动 19 首
[341/506] 草蜢                            ... ✅ 找到并移动 14 首
[342/506] 莫文蔚                           ... ✅ 找到并移动 16 首
[343/506] 萧亚轩                           ... ✅ 找到并移动 23 首
[344/506] 萧忆情Alex                       ... ✅ 找到并移动 1 首
[345/506] 萧敬腾                           ... ✅ 找到并移动 3 首
[346/506] 萧煌奇                           ... ✅ 找到并移动 9 首
[347/506] 萨顶顶                           ... ✅ 找到并移动 20 首
[348/506] 落日飞车                          ... ✅ 找到并移动 13 首
[349/506] 葛东琪                           ... ✅ 找到并移动 8 首
[351/506] 蓝又时                           ... ✅ 找到并移动 15 首
[352/506] 蓝心羽                           ... ✅ 找到并移动 24 首
[353/506] 蔡依林                           ... ✅ 找到并移动 16 首
[354/506] 蔡健雅                           ... ✅ 找到并移动 4 首
[355/506] 蔡卓妍                           ... ✅ 找到并移动 5 首
[356/506] 蔡旻佑                           ... ✅ 找到并移动 7 首
[357/506] 蔡淳佳                           ... ✅ 找到并移动 8 首
[358/506] 蔡琴                            ... ✅ 找到并移动 9 首
[359/506] 薛之谦                           ... ✅ 找到并移动 22 首
[360/506] 虎二                            ... ✅ 找到并移动 4 首
[361/506] 袁凤瑛                           ... ✅ 找到并移动 20 首
[362/506] 袁娅维                           ... ✅ 找到并移动 7 首
[363/506] 裘海正                           ... ✅ 找到并移动 16 首
[364/506] 詹雯婷                           ... ✅ 找到并移动 21 首
[365/506] 誓言                            ... ✅ 找到并移动 1 首
[366/506] 许佳慧                           ... ✅ 找到并移动 12 首
[367/506] 许冠杰                           ... ✅ 找到并移动 9 首
[368/506] 许富凯                           ... ✅ 找到并移动 10 首
[369/506] 许嵩                            ... ✅ 找到并移动 18 首
[370/506] 许巍                            ... ✅ 找到并移动 14 首
[371/506] 许志安                           ... ✅ 找到并移动 11 首
[372/506] 许慧欣                           ... ✅ 找到并移动 8 首
[373/506] 许绍洋                           ... ✅ 找到并移动 6 首
[374/506] 许美静                           ... ✅ 找到并移动 20 首
[375/506] 许茹芸                           ... ✅ 找到并移动 13 首
[376/506] 许飞                            ... ✅ 找到并移动 17 首
[377/506] 谢安琪                           ... ✅ 找到并移动 6 首
[378/506] 谢春花                           ... ✅ 找到并移动 4 首
[379/506] 谢霆锋                           ... ✅ 找到并移动 17 首
[380/506] 谭咏麟                           ... ✅ 找到并移动 17 首
[381/506] 谭晶                            ... ✅ 找到并移动 11 首
[382/506] 谭维维                           ... ✅ 找到并移动 2 首
[383/506] 贰佰                            ... ✅ 找到并移动 14 首
[384/506] 费玉清                           ... ✅ 找到并移动 8 首
[385/506] 赵传                            ... ✅ 找到并移动 9 首
[386/506] 赵钶                            ... ✅ 找到并移动 1 首
[387/506] 赵雷                            ... ✅ 找到并移动 26 首
[388/506] 赵鹏                            ... ✅ 找到并移动 9 首
[389/506] 辛晓琪                           ... ✅ 找到并移动 9 首
[391/506] 迪克牛仔                          ... ✅ 找到并移动 6 首
[393/506] 逃跑计划                          ... ✅ 找到并移动 9 首
[394/506] 邓丽君                           ... ✅ 找到并移动 16 首
[395/506] 邓丽欣                           ... ✅ 找到并移动 18 首
[396/506] 邓典果                           ... ✅ 找到并移动 10 首
[397/506] 邓瑞霞                           ... ✅ 找到并移动 8 首
[398/506] 邝美云                           ... ✅ 找到并移动 17 首
[399/506] 那英                            ... ✅ 找到并移动 7 首
[400/506] 邰正宵                           ... ✅ 找到并移动 12 首
[401/506] 邱振哲                           ... ✅ 找到并移动 8 首
[402/506] 邵帅                            ... ✅ 找到并移动 17 首
[403/506] 郁可唯                           ... ✅ 找到并移动 20 首
[404/506] 郑中基                           ... ✅ 找到并移动 16 首
[406/506] 郑宜农                           ... ✅ 找到并移动 7 首
[407/506] 郑少秋                           ... ✅ 找到并移动 9 首
[408/506] 郑智化                           ... ✅ 找到并移动 15 首
[409/506] 郑欣宜                           ... ✅ 找到并移动 13 首
[410/506] 郑源                            ... ✅ 找到并移动 3 首
[412/506] 郑钧                            ... ✅ 找到并移动 7 首
[414/506] 郭峰                            ... ✅ 找到并移动 4 首
[415/506] 郭静                            ... ✅ 找到并移动 14 首
[416/506] 郭顶                            ... ✅ 找到并移动 18 首
[417/506] 金志文                           ... ✅ 找到并移动 1 首
[418/506] 金池                            ... ✅ 找到并移动 4 首
[419/506] 金海心                           ... ✅ 找到并移动 15 首
[421/506] 金莎                            ... ✅ 找到并移动 16 首
[422/506] 金贵晟                           ... ✅ 找到并移动 15 首
[423/506] 钟镇涛                           ... ✅ 找到并移动 4 首
[424/506] 阿冗                            ... ⚠️  未找到任何歌曲
[425/506] 阿木                            ... ✅ 找到并移动 3 首
[426/506] 阿朵                            ... ✅ 找到并移动 6 首
[427/506] 阿桑                            ... ✅ 找到并移动 14 首
[428/506] 阿里郎                           ... ✅ 找到并移动 1 首
[429/506] 陆虎                            ... ✅ 找到并移动 1 首
[431/506] 陈冠希                           ... ✅ 找到并移动 3 首
[432/506] 陈冠蒲                           ... ✅ 找到并移动 7 首
[433/506] 陈势安                           ... ✅ 找到并移动 17 首
[434/506] 陈坤                            ... ✅ 找到并移动 9 首
[435/506] 陈奕迅                           ... ✅ 找到并移动 14 首
[436/506] 陈子晴                           ... ✅ 找到并移动 28 首
[437/506] 陈小云                           ... ✅ 找到并移动 13 首
[438/506] 陈小春                           ... ✅ 找到并移动 4 首
[439/506] 陈小霞                           ... ✅ 找到并移动 11 首
[440/506] 陈慧娴                           ... ✅ 找到并移动 12 首
[442/506] 陈明                            ... ✅ 找到并移动 2 首
[443/506] 陈明真                           ... ✅ 找到并移动 15 首
[444/506] 陈晓东                           ... ✅ 找到并移动 7 首
[445/506] 陈楚生                           ... ✅ 找到并移动 5 首
[446/506] 陈洁仪                           ... ✅ 找到并移动 9 首
[447/506] 陈浩民                           ... ⚠️  未找到任何歌曲
[448/506] 陈淑桦                           ... ✅ 找到并移动 15 首
[449/506] 陈琳                            ... ✅ 找到并移动 4 首
[450/506] 陈瑞                            ... ✅ 找到并移动 13 首
[451/506] 陈百强                           ... ✅ 找到并移动 13 首
[452/506] 陈粒                            ... ✅ 找到并移动 16 首
[453/506] 陈红                            ... ✅ 找到并移动 6 首
[454/506] 陈绮贞                           ... ✅ 找到并移动 12 首
[455/506] 陈雅森                           ... ⚠️  未找到任何歌曲
[456/506] 陶喆                            ... ✅ 找到并移动 12 首
[457/506] 陶晶莹                           ... ✅ 找到并移动 14 首
[458/506] 隔壁老樊                          ... ✅ 找到并移动 3 首
[459/506] 雷婷                            ... ✅ 找到并移动 5 首
[460/506] 韦伦                            ... ⚠️  未找到任何歌曲
[461/506] 韦唯                            ... ✅ 找到并移动 2 首
[462/506] 韦礼安                           ... ✅ 找到并移动 28 首
[463/506] 韩宝仪                           ... ✅ 找到并移动 9 首
[464/506] 韩红                            ... ✅ 找到并移动 2 首
[465/506] 韩雪                            ... ⚠️  未找到任何歌曲
[466/506] 音频怪物                          ... ✅ 找到并移动 1 首
[467/506] 顺子                            ... ✅ 找到并移动 15 首
[468/506] 飞轮海                           ... ✅ 找到并移动 20 首
[469/506] 马兆骏                           ... ✅ 找到并移动 11 首
[470/506] 马天宇                           ... ✅ 找到并移动 6 首
[472/506] 马良                            ... ✅ 找到并移动 1 首
[473/506] 马郁                            ... ✅ 找到并移动 9 首
[474/506] 马頔                            ... ✅ 找到并移动 7 首
[475/506] 高明骏                           ... ✅ 找到并移动 2 首
[476/506] 高胜美                           ... ✅ 找到并移动 16 首
[477/506] 魏如萱                           ... ✅ 找到并移动 14 首
[478/506] 魏晨                            ... ⚠️  未找到任何歌曲
[480/506] 麦浚龙                           ... ✅ 找到并移动 3 首
[481/506] 麻园诗人                          ... ✅ 找到并移动 18 首
[483/506] 黄义达                           ... ✅ 找到并移动 21 首
[485/506] 黄凯芹                           ... ✅ 找到并移动 18 首
[486/506] 黄品源                           ... ✅ 找到并移动 4 首
[488/506] 黄小琥                           ... ✅ 找到并移动 13 首
[489/506] 黄征                            ... ✅ 找到并移动 1 首
[490/506] 黄旭                            ... ✅ 找到并移动 11 首
[491/506] 黄磊                            ... ✅ 找到并移动 17 首
[492/506] 黄绮珊                           ... ✅ 找到并移动 7 首
[493/506] 黄舒骏                           ... ✅ 找到并移动 7 首
[494/506] 黄莺莺                           ... ✅ 找到并移动 13 首
[495/506] 黄阅                            ... ✅ 找到并移动 1 首
[496/506] 黄霄雲                           ... ✅ 找到并移动 4 首
[497/506] 黄韵玲                           ... ✅ 找到并移动 11 首
[499/506] 黎姿                            ... ✅ 找到并移动 1 首
[500/506] 黎明                            ... ✅ 找到并移动 1 首
[501/506] 黎瑞恩                           ... ✅ 找到并移动 12 首
[502/506] 黑屋乐队                          ... ✅ 找到并移动 11 首
[503/506] 黑豹乐队                          ... ✅ 找到并移动 8 首
[504/506] 齐秦                            ... ✅ 找到并移动 5 首
[505/506] 齐豫                            ... ✅ 找到并移动 14 首
[506/506] 龙飘飘                           ... ✅ 找到并移动 8 首

════════════════════════════════════════════════════════════

📊 处理完成!

✅ 已处理的歌手: 428
📀 已移动的歌曲: 4548 首

✨ 所有热门歌曲已整理到各歌手的 hot_songs 目录

