
📂 开始整理热门歌曲
📍 目录: /Volumes/Music/歌手分类
👥 歌手总数: 506
🔄 待处理: 506
💾 模式: 实际移动

[  1/506] Beyond                        ... ⚠️  未找到任何歌曲
[  2/506] C.S.B.Q                       ... ⚠️  未找到任何歌曲
[  3/506] Crispy脆乐团                     ... ⚠️  未找到任何歌曲
[  4/506] Deca joins                    ... ⚠️  未找到任何歌曲
[  5/506] F.I.R.飞儿乐团                    ... ⚠️  未找到任何歌曲
[  6/506] F4                            ... ⚠️  未找到任何歌曲
[  7/506] GALA                          ... ⚠️  未找到任何歌曲
[  8/506] Gareth.T                      ... ⚠️  未找到任何歌曲
[  9/506] Hush                          ... ⚠️  未找到任何歌曲
[ 10/506] S.H.E                         ... ⚠️  未找到任何歌曲
[ 11/506] Sweety                        ... ⚠️  未找到任何歌曲
[ 13/506] Twins                         ... ⚠️  未找到任何歌曲
[ 14/506] VH (Vast & Hazy)              ... ⚠️  未找到任何歌曲
[ 15/506] 一支榴莲                          ... ⚠️  未找到任何歌曲
[ 16/506] 丁当                            ... ⚠️  未找到任何歌曲
[ 17/506] 万能青年旅店                        ... ⚠️  未找到任何歌曲
[ 18/506] 万芳                            ... ⚠️  未找到任何歌曲
[ 19/506] 严艺丹                           ... ⚠️  未找到任何歌曲
[ 20/506] 二手玫瑰                          ... ⚠️  未找到任何歌曲
[ 21/506] 于文文                           ... ⚠️  未找到任何歌曲
[ 22/506] 于果                            ... ⚠️  未找到任何歌曲
[ 23/506] 于贞                            ... ⚠️  未找到任何歌曲
[ 24/506] 云菲菲                           ... ⚠️  未找到任何歌曲
[ 25/506] 五月天                           ... ⚠️  未找到任何歌曲
[ 26/506] 五条人                           ... ⚠️  未找到任何歌曲
[ 27/506] 井胧                            ... ⚠️  未找到任何歌曲
[ 28/506] 任夏                            ... ⚠️  未找到任何歌曲
[ 29/506] 任然                            ... ⚠️  未找到任何歌曲
[ 30/506] 任素汐                           ... ⚠️  未找到任何歌曲
[ 31/506] 任贤齐                           ... ⚠️  未找到任何歌曲
[ 32/506] 伊能静                           ... ⚠️  未找到任何歌曲
[ 33/506] 伍佰                            ... ⚠️  未找到任何歌曲
[ 34/506] 伍思凯                           ... ⚠️  未找到任何歌曲
[ 35/506] 优客李林                          ... ⚠️  未找到任何歌曲
[ 36/506] 低苦艾                           ... ⚠️  未找到任何歌曲
[ 37/506] 何婉盈                           ... ⚠️  未找到任何歌曲
[ 38/506] 何晟铭                           ... ⚠️  未找到任何歌曲
[ 39/506] 何洁                            ... ⚠️  未找到任何歌曲
[ 40/506] 何炅                            ... ⚠️  未找到任何歌曲
[ 42/506] 侃侃                            ... ⚠️  未找到任何歌曲
[ 43/506] 侯湘婷                           ... ✅ 找到并移动 1 首
[ 44/506] 信                             ... ⚠️  未找到任何歌曲
[ 45/506] 信乐团                           ... ⚠️  未找到任何歌曲
[ 46/506] 光头华夏                          ... ⚠️  未找到任何歌曲
[ 47/506] 光泽                            ... ⚠️  未找到任何歌曲
[ 48/506] 光良                            ... ⚠️  未找到任何歌曲
[ 49/506] 六哲                            ... ⚠️  未找到任何歌曲
[ 51/506] 凤凰传奇                          ... ⚠️  未找到任何歌曲
[ 52/506] 凤飞飞                           ... ⚠️  未找到任何歌曲
[ 53/506] 刀郎                            ... ⚠️  未找到任何歌曲
[ 54/506] 刘可                            ... ⚠️  未找到任何歌曲
[ 55/506] 刘嘉亮                           ... ✅ 找到并移动 1 首
[ 56/506] 刘小慧                           ... ⚠️  未找到任何歌曲
[ 57/506] 刘德华                           ... ✅ 找到并移动 1 首
[ 58/506] 刘惜君                           ... ⚠️  未找到任何歌曲
[ 59/506] 刘文正                           ... ⚠️  未找到任何歌曲
[ 60/506] 刘昊霖                           ... ⚠️  未找到任何歌曲
[ 62/506] 刘森                            ... ⚠️  未找到任何歌曲
[ 63/506] 刘欢                            ... ✅ 找到并移动 1 首
[ 64/506] 刘沁                            ... ⚠️  未找到任何歌曲
[ 65/506] 刘珂矣                           ... ⚠️  未找到任何歌曲
[ 66/506] 刺猬乐队                          ... ⚠️  未找到任何歌曲
[ 67/506] 动力火车                          ... ⚠️  未找到任何歌曲
[ 68/506] 区瑞强                           ... ⚠️  未找到任何歌曲
[ 69/506] 千百惠                           ... ⚠️  未找到任何歌曲
[ 70/506] 单依纯                           ... ⚠️  未找到任何歌曲
[ 72/506] 南征北战                          ... ⚠️  未找到任何歌曲
[ 73/506] 南拳妈妈                          ... ⚠️  未找到任何歌曲
[ 74/506] 卢冠廷                           ... ✅ 找到并移动 1 首
[ 75/506] 卫兰                            ... ⚠️  未找到任何歌曲
[ 76/506] 古巨基                           ... ⚠️  未找到任何歌曲
[ 77/506] 叶丽仪                           ... ⚠️  未找到任何歌曲
[ 78/506] 叶倩文                           ... ⚠️  未找到任何歌曲
[ 79/506] 叶启田                           ... ⚠️  未找到任何歌曲
[ 80/506] 叶振棠                           ... ⚠️  未找到任何歌曲
[ 81/506] 后弦                            ... ⚠️  未找到任何歌曲
[ 82/506] 吕方                            ... ✅ 找到并移动 1 首
[ 83/506] 吕莘                            ... ⚠️  未找到任何歌曲
[ 85/506] 吴倩莲                           ... ⚠️  未找到任何歌曲
[ 86/506] 吴克群                           ... ⚠️  未找到任何歌曲
[ 87/506] 吴奇隆                           ... ⚠️  未找到任何歌曲
[ 88/506] 吴雨霏                           ... ✅ 找到并移动 1 首
[ 89/506] 吴青峰                           ... ⚠️  未找到任何歌曲
[ 90/506] 告五人                           ... ✅ 找到并移动 1 首
[ 91/506] 周兴哲                           ... ⚠️  未找到任何歌曲
[ 92/506] 周华健                           ... ⚠️  未找到任何歌曲
[ 93/506] 周启生                           ... ⚠️  未找到任何歌曲
[ 94/506] 周子寒                           ... ⚠️  未找到任何歌曲
[ 95/506] 周延 (GAI)                      ... ⚠️  未找到任何歌曲
[ 96/506] 周思涵                           ... ⚠️  未找到任何歌曲
[ 97/506] 周慧敏                           ... ✅ 找到并移动 1 首
[ 98/506] 周深                            ... ⚠️  未找到任何歌曲
[ 99/506] 周笔畅                           ... ⚠️  未找到任何歌曲
[100/506] 周蕙                            ... ⚠️  未找到任何歌曲
[101/506] 品冠                            ... ⚠️  未找到任何歌曲
[103/506] 唐汉霄                           ... ⚠️  未找到任何歌曲
[104/506] 唐磊                            ... ⚠️  未找到任何歌曲
[105/506] 回音哥                           ... ⚠️  未找到任何歌曲
[106/506] 夏日入侵企画                        ... ⚠️  未找到任何歌曲
[107/506] 大壮                            ... ⚠️  未找到任何歌曲
[108/506] 姚贝娜                           ... ⚠️  未找到任何歌曲
[109/506] 姜涛                            ... ⚠️  未找到任何歌曲
[110/506] 姜玉阳                           ... ⚠️  未找到任何歌曲
[111/506] 姜育恒                           ... ⚠️  未找到任何歌曲
[112/506] 娃娃                            ... ✅ 找到并移动 1 首
[113/506] 孙悦                            ... ⚠️  未找到任何歌曲
[114/506] 孙楠                            ... ⚠️  未找到任何歌曲
[115/506] 孙燕姿                           ... ⚠️  未找到任何歌曲
[116/506] 孙耀威                           ... ✅ 找到并移动 1 首
[117/506] 孙露                            ... ⚠️  未找到任何歌曲
[118/506] 孟庭苇                           ... ✅ 找到并移动 1 首
[119/506] 宇桐非                           ... ⚠️  未找到任何歌曲
[120/506] 安又琪                           ... ⚠️  未找到任何歌曲
[121/506] 安琥                            ... ⚠️  未找到任何歌曲
[122/506] 宋冬野                           ... ⚠️  未找到任何歌曲
[123/506] 家家                            ... ⚠️  未找到任何歌曲
[124/506] 容祖儿                           ... ⚠️  未找到任何歌曲
[126/506] 小昔米                           ... ⚠️  未找到任何歌曲
[127/506] 小虎队                           ... ✅ 找到并移动 1 首
[128/506] 小虫                            ... ⚠️  未找到任何歌曲
[129/506] 少女时代                          ... ✅ 找到并移动 4 首
[130/506] 尚士达                           ... ⚠️  未找到任何歌曲
[131/506] 尚雯婕                           ... ⚠️  未找到任何歌曲
[132/506] 屠洪刚                           ... ⚠️  未找到任何歌曲
[133/506] 岑宁儿                           ... ⚠️  未找到任何歌曲
[134/506] 崔健                            ... ⚠️  未找到任何歌曲
[135/506] 川青                            ... ⚠️  未找到任何歌曲
[136/506] 巫启贤                           ... ✅ 找到并移动 1 首
[137/506] 庄心妍                           ... ⚠️  未找到任何歌曲
[138/506] 庞龙                            ... ⚠️  未找到任何歌曲
[139/506] 康士坦的变化球                       ... ⚠️  未找到任何歌曲
[140/506] 庾澄庆                           ... ✅ 找到并移动 1 首
[141/506] 廖俊涛                           ... ✅ 找到并移动 2 首
[142/506] 廖昌永                           ... ⚠️  未找到任何歌曲
[143/506] 张伟文                           ... ✅ 找到并移动 3 首
[144/506] 张信哲                           ... ⚠️  未找到任何歌曲
[145/506] 张卫健                           ... ⚠️  未找到任何歌曲
[146/506] 张可儿                           ... ⚠️  未找到任何歌曲
[147/506] 张含韵                           ... ⚠️  未找到任何歌曲
[148/506] 张国荣                           ... ✅ 找到并移动 1 首
[149/506] 张学友                           ... ⚠️  未找到任何歌曲
[150/506] 张宇                            ... ✅ 找到并移动 1 首
[151/506] 张小伙                           ... ⚠️  未找到任何歌曲
[152/506] 张德兰                           ... ⚠️  未找到任何歌曲
[153/506] 张惠妹                           ... ⚠️  未找到任何歌曲
[154/506] 张敬轩                           ... ⚠️  未找到任何歌曲
[155/506] 张杰                            ... ⚠️  未找到任何歌曲
[156/506] 张柏芝                           ... ⚠️  未找到任何歌曲
[157/506] 张栋梁                           ... ⚠️  未找到任何歌曲
[158/506] 张洪量                           ... ⚠️  未找到任何歌曲
[159/506] 张清芳                           ... ⚠️  未找到任何歌曲
[160/506] 张玉华                           ... ⚠️  未找到任何歌曲
[161/506] 张玮伽                           ... ⚠️  未找到任何歌曲
[162/506] 张碧晨                           ... ⚠️  未找到任何歌曲
[163/506] 张艺兴                           ... ⚠️  未找到任何歌曲
[164/506] 张艾嘉                           ... ⚠️  未找到任何歌曲
[165/506] 张芸京                           ... ⚠️  未找到任何歌曲
[166/506] 张茜                            ... ⚠️  未找到任何歌曲
[167/506] 张蔷                            ... ✅ 找到并移动 9 首
[168/506] 张远                            ... ⚠️  未找到任何歌曲
[169/506] 张镐哲                           ... ⚠️  未找到任何歌曲
[170/506] 张雨生                           ... ✅ 找到并移动 7 首
[171/506] 张震岳                           ... ⚠️  未找到任何歌曲
[172/506] 张靓颖                           ... ✅ 找到并移动 1 首
[173/506] 弦子                            ... ⚠️  未找到任何歌曲
[175/506] 彭佳慧                           ... ⚠️  未找到任何歌曲
[176/506] 彭家丽                           ... ✅ 找到并移动 1 首
[177/506] 彭羚                            ... ✅ 找到并移动 3 首
[178/506] 彭芳                            ... ⚠️  未找到任何歌曲
[179/506] 徐佳莹                           ... ✅ 找到并移动 1 首
[180/506] 徐小凤                           ... ⚠️  未找到任何歌曲
[181/506] 徐怀钰                           ... ⚠️  未找到任何歌曲
[182/506] 徐海俏                           ... ⚠️  未找到任何歌曲
[183/506] 徐秉龙                           ... ⚠️  未找到任何歌曲
[184/506] 徐若瑄                           ... ⚠️  未找到任何歌曲
[185/506] 徐誉滕                           ... ⚠️  未找到任何歌曲
[186/506] 慕容晓晓                          ... ⚠️  未找到任何歌曲
[187/506] 成龙                            ... ⚠️  未找到任何歌曲
[188/506] 戴佩妮                           ... ⚠️  未找到任何歌曲
[189/506] 房东的猫                          ... ⚠️  未找到任何歌曲
[190/506] 执纸大魔王                         ... ⚠️  未找到任何歌曲
[191/506] 方丽盈                           ... ⚠️  未找到任何歌曲
[192/506] 方季惟                           ... ✅ 找到并移动 6 首
[193/506] 曲婉婷                           ... ✅ 找到并移动 1 首
[194/506] 曲肖冰                           ... ⚠️  未找到任何歌曲
[195/506] 曹思义                           ... ✅ 找到并移动 2 首
[196/506] 曹格                            ... ✅ 找到并移动 6 首
[197/506] 曾轶可                           ... ⚠️  未找到任何歌曲
[198/506] 本多                            ... ⚠️  未找到任何歌曲
[199/506] 朱婧汐                           ... ⚠️  未找到任何歌曲
[200/506] 朴树                            ... ⚠️  未找到任何歌曲
[201/506] 李丽芬                           ... ⚠️  未找到任何歌曲
[202/506] 李代沫                           ... ⚠️  未找到任何歌曲
[203/506] 李佳薇                           ... ⚠️  未找到任何歌曲
[204/506] 李健                            ... ⚠️  未找到任何歌曲
[205/506] 李克勤                           ... ⚠️  未找到任何歌曲
[206/506] 李圣杰                           ... ⚠️  未找到任何歌曲
[207/506] 李娜                            ... ⚠️  未找到任何歌曲
[208/506] 李宇春                           ... ⚠️  未找到任何歌曲
[209/506] 李宗盛                           ... ⚠️  未找到任何歌曲
[210/506] 李度                            ... ⚠️  未找到任何歌曲
[211/506] 李志                            ... ⚠️  未找到任何歌曲
[212/506] 李慧珍                           ... ✅ 找到并移动 1 首
[213/506] 李晓杰                           ... ⚠️  未找到任何歌曲
[214/506] 李玉刚                           ... ⚠️  未找到任何歌曲
[215/506] 李玖哲                           ... ⚠️  未找到任何歌曲
[216/506] 李玟                            ... ⚠️  未找到任何歌曲
[217/506] 李琦                            ... ⚠️  未找到任何歌曲
[218/506] 李翊君                           ... ⚠️  未找到任何歌曲
[219/506] 李荣浩                           ... ✅ 找到并移动 2 首
[220/506] 李行亮                           ... ⚠️  未找到任何歌曲
[221/506] 李雅微                           ... ⚠️  未找到任何歌曲
[222/506] 杜德伟                           ... ⚠️  未找到任何歌曲
[223/506] 杜雯惠                           ... ⚠️  未找到任何歌曲
[224/506] 杨丞琳                           ... ⚠️  未找到任何歌曲
[225/506] 杨乃文                           ... ⚠️  未找到任何歌曲
[226/506] 杨千嬅                           ... ⚠️  未找到任何歌曲
[227/506] 杨坤                            ... ⚠️  未找到任何歌曲
[228/506] 杨培安                           ... ⚠️  未找到任何歌曲
[229/506] 杨宗纬                           ... ⚠️  未找到任何歌曲
[230/506] 杨幂                            ... ⚠️  未找到任何歌曲
[232/506] 杨钰莹                           ... ⚠️  未找到任何歌曲
[233/506] 林俊杰                           ... ⚠️  未找到任何歌曲
[234/506] 林姗姗                           ... ⚠️  未找到任何歌曲
[235/506] 林子祥                           ... ✅ 找到并移动 1 首
[236/506] 林宥嘉                           ... ⚠️  未找到任何歌曲
[237/506] 林家谦                           ... ✅ 找到并移动 1 首
[238/506] 林峯                            ... ✅ 找到并移动 1 首
[239/506] 林忆莲                           ... ⚠️  未找到任何歌曲
[240/506] 林志炫                           ... ⚠️  未找到任何歌曲
[241/506] 林志美                           ... ⚠️  未找到任何歌曲
[242/506] 林志颖                           ... ⚠️  未找到任何歌曲
[243/506] 林晓培                           ... ⚠️  未找到任何歌曲
[244/506] 林隆璇                           ... ⚠️  未找到任何歌曲
[245/506] 枯木逢春                          ... ⚠️  未找到任何歌曲
[246/506] 柯以敏                           ... ⚠️  未找到任何歌曲
[247/506] 柯受良                           ... ⚠️  未找到任何歌曲
[248/506] 柳爽                            ... ⚠️  未找到任何歌曲
[249/506] 格格                            ... ⚠️  未找到任何歌曲
[250/506] 梁博                            ... ⚠️  未找到任何歌曲
[251/506] 梁咏琪                           ... ⚠️  未找到任何歌曲
[252/506] 梁心颐                           ... ⚠️  未找到任何歌曲
[253/506] 梁朝伟                           ... ⚠️  未找到任何歌曲
[254/506] 梁汉文                           ... ⚠️  未找到任何歌曲
[255/506] 梁雁翎                           ... ⚠️  未找到任何歌曲
[256/506] 梅艳芳                           ... ⚠️  未找到任何歌曲
[257/506] 梦飞船                           ... ✅ 找到并移动 1 首
[258/506] 樊凡                            ... ⚠️  未找到任何歌曲
[259/506] 欢子                            ... ⚠️  未找到任何歌曲
[260/506] 欧得洋                           ... ⚠️  未找到任何歌曲
[261/506] 毛不易                           ... ⚠️  未找到任何歌曲
[262/506] 毛阿敏                           ... ⚠️  未找到任何歌曲
[263/506] 水木年华                          ... ⚠️  未找到任何歌曲
[264/506] 永邦                            ... ⚠️  未找到任何歌曲
[265/506] 江涛                            ... ⚠️  未找到任何歌曲
[266/506] 江淑娜                           ... ⚠️  未找到任何歌曲
[267/506] 江美琪                           ... ⚠️  未找到任何歌曲
[268/506] 江蕙                            ... ⚠️  未找到任何歌曲
[269/506] 汤宝如                           ... ⚠️  未找到任何歌曲
[270/506] 汪东城                           ... ✅ 找到并移动 3 首
[271/506] 汪峰                            ... ✅ 找到并移动 1 首
[272/506] 汪苏泷                           ... ⚠️  未找到任何歌曲
[273/506] 沙宝亮                           ... ⚠️  未找到任何歌曲
[274/506] 洪佩瑜                           ... ✅ 找到并移动 4 首
[275/506] 浅影阿                           ... ⚠️  未找到任何歌曲
[276/506] 海来阿木                          ... ✅ 找到并移动 1 首
[277/506] 海鸣威                           ... ⚠️  未找到任何歌曲
[278/506] 温岚                            ... ⚠️  未找到任何歌曲
[279/506] 游鸿明                           ... ✅ 找到并移动 1 首
[280/506] 潘安邦                           ... ✅ 找到并移动 1 首
[281/506] 潘玮柏                           ... ✅ 找到并移动 1 首
[282/506] 潘美辰                           ... ⚠️  未找到任何歌曲
[283/506] 熊天平                           ... ✅ 找到并移动 2 首
[284/506] 爱乐团                           ... ⚠️  未找到任何歌曲
[285/506] 王以太                           ... ⚠️  未找到任何歌曲
[286/506] 王冰洋                           ... ⚠️  未找到任何歌曲
[287/506] 王力宏                           ... ⚠️  未找到任何歌曲
[288/506] 王加一                           ... ⚠️  未找到任何歌曲
[289/506] 王北车                           ... ⚠️  未找到任何歌曲
[290/506] 王嘉尔                           ... ⚠️  未找到任何歌曲
[291/506] 王心凌                           ... ⚠️  未找到任何歌曲
[292/506] 王晴                            ... ⚠️  未找到任何歌曲
[293/506] 王杰                            ... ✅ 找到并移动 1 首
[294/506] 王童语                           ... ⚠️  未找到任何歌曲
[295/506] 王菲                            ... ⚠️  未找到任何歌曲
[296/506] 王蓉                            ... ⚠️  未找到任何歌曲
[297/506] 王贰浪                           ... ⚠️  未找到任何歌曲
[298/506] 王铮亮                           ... ⚠️  未找到任何歌曲
[299/506] 王闻                            ... ⚠️  未找到任何歌曲
[300/506] 王韵                            ... ⚠️  未找到任何歌曲
[301/506] 王馨平                           ... ⚠️  未找到任何歌曲
[302/506] 珂拉琪                           ... ⚠️  未找到任何歌曲
[303/506] 理塘丁真                          ... ⚠️  未找到任何歌曲
[304/506] 甘萍                            ... ⚠️  未找到任何歌曲
[305/506] 田震                            ... ⚠️  未找到任何歌曲
[306/506] 田馥甄                           ... ⚠️  未找到任何歌曲
[307/506] 痛仰乐队                          ... ⚠️  未找到任何歌曲
[308/506] 盘尼西林                          ... ⚠️  未找到任何歌曲
[309/506] 神木与瞳                          ... ⚠️  未找到任何歌曲
[310/506] 福禄寿                           ... ⚠️  未找到任何歌曲
[311/506] 程响                            ... ⚠️  未找到任何歌曲
[312/506] 童丽                            ... ⚠️  未找到任何歌曲
[313/506] 童安格                           ... ⚠️  未找到任何歌曲
[314/506] 筷子兄弟                          ... ⚠️  未找到任何歌曲
[315/506] 简弘亦                           ... ⚠️  未找到任何歌曲
[316/506] 纪如璟                           ... ⚠️  未找到任何歌曲
[317/506] 纵贯线                           ... ⚠️  未找到任何歌曲
[318/506] 罗嘉良                           ... ✅ 找到并移动 3 首
[319/506] 罗大佑                           ... ⚠️  未找到任何歌曲
[320/506] 罗志祥                           ... ⚠️  未找到任何歌曲
[321/506] 罗文                            ... ⚠️  未找到任何歌曲
[322/506] 美秀集团                          ... ⚠️  未找到任何歌曲
[325/506] 胡夏                            ... ⚠️  未找到任何歌曲
[326/506] 胡彦斌                           ... ⚠️  未找到任何歌曲
[327/506] 胡歌                            ... ⚠️  未找到任何歌曲
[328/506] 腾格尔                           ... ⚠️  未找到任何歌曲
[329/506] 艾热                            ... ⚠️  未找到任何歌曲
[330/506] 艾辰                            ... ⚠️  未找到任何歌曲
[331/506] 花粥                            ... ⚠️  未找到任何歌曲
[332/506] 苏慧伦                           ... ⚠️  未找到任何歌曲
[333/506] 苏打绿                           ... ✅ 找到并移动 1 首
[334/506] 苏有朋                           ... ⚠️  未找到任何歌曲
[335/506] 苏芮                            ... ⚠️  未找到任何歌曲
[336/506] 范文芳                           ... ⚠️  未找到任何歌曲
[337/506] 范晓萱                           ... ⚠️  未找到任何歌曲
[338/506] 范玮琪                           ... ⚠️  未找到任何歌曲
[339/506] 范逸臣                           ... ⚠️  未找到任何歌曲
[340/506] 茄子蛋                           ... ⚠️  未找到任何歌曲
[341/506] 草蜢                            ... ⚠️  未找到任何歌曲
[342/506] 莫文蔚                           ... ⚠️  未找到任何歌曲
[343/506] 萧亚轩                           ... ⚠️  未找到任何歌曲
[344/506] 萧忆情Alex                       ... ⚠️  未找到任何歌曲
[345/506] 萧敬腾                           ... ⚠️  未找到任何歌曲
[346/506] 萧煌奇                           ... ⚠️  未找到任何歌曲
[347/506] 萨顶顶                           ... ⚠️  未找到任何歌曲
[348/506] 落日飞车                          ... ✅ 找到并移动 2 首
[349/506] 葛东琪                           ... ⚠️  未找到任何歌曲
[350/506] 蒋山                            ... ✅ 找到并移动 1 首
[351/506] 蓝又时                           ... ⚠️  未找到任何歌曲
[352/506] 蓝心羽                           ... ⚠️  未找到任何歌曲
[353/506] 蔡依林                           ... ⚠️  未找到任何歌曲
[354/506] 蔡健雅                           ... ⚠️  未找到任何歌曲
[355/506] 蔡卓妍                           ... ⚠️  未找到任何歌曲
[356/506] 蔡旻佑                           ... ⚠️  未找到任何歌曲
[357/506] 蔡淳佳                           ... ⚠️  未找到任何歌曲
[358/506] 蔡琴                            ... ⚠️  未找到任何歌曲
[359/506] 薛之谦                           ... ⚠️  未找到任何歌曲
[360/506] 虎二                            ... ⚠️  未找到任何歌曲
[361/506] 袁凤瑛                           ... ⚠️  未找到任何歌曲
[362/506] 袁娅维                           ... ⚠️  未找到任何歌曲
[363/506] 裘海正                           ... ⚠️  未找到任何歌曲
[364/506] 詹雯婷                           ... ⚠️  未找到任何歌曲
[365/506] 誓言                            ... ⚠️  未找到任何歌曲
[366/506] 许佳慧                           ... ⚠️  未找到任何歌曲
[367/506] 许冠杰                           ... ⚠️  未找到任何歌曲
[368/506] 许富凯                           ... ⚠️  未找到任何歌曲
[369/506] 许嵩                            ... ⚠️  未找到任何歌曲
[370/506] 许巍                            ... ⚠️  未找到任何歌曲
[371/506] 许志安                           ... ⚠️  未找到任何歌曲
[372/506] 许慧欣                           ... ⚠️  未找到任何歌曲
[373/506] 许绍洋                           ... ✅ 找到并移动 1 首
[374/506] 许美静                           ... ⚠️  未找到任何歌曲
[375/506] 许茹芸                           ... ⚠️  未找到任何歌曲
[376/506] 许飞                            ... ⚠️  未找到任何歌曲
[377/506] 谢安琪                           ... ⚠️  未找到任何歌曲
[378/506] 谢春花                           ... ⚠️  未找到任何歌曲
[379/506] 谢霆锋                           ... ⚠️  未找到任何歌曲
[380/506] 谭咏麟                           ... ⚠️  未找到任何歌曲
[381/506] 谭晶                            ... ⚠️  未找到任何歌曲
[382/506] 谭维维                           ... ⚠️  未找到任何歌曲
[383/506] 贰佰                            ... ⚠️  未找到任何歌曲
[384/506] 费玉清                           ... ⚠️  未找到任何歌曲
[385/506] 赵传                            ... ⚠️  未找到任何歌曲
[386/506] 赵钶                            ... ⚠️  未找到任何歌曲
[387/506] 赵雷                            ... ⚠️  未找到任何歌曲
[388/506] 赵鹏                            ... ⚠️  未找到任何歌曲
[389/506] 辛晓琪                           ... ⚠️  未找到任何歌曲
[391/506] 迪克牛仔                          ... ⚠️  未找到任何歌曲
[393/506] 逃跑计划                          ... ⚠️  未找到任何歌曲
[394/506] 邓丽君                           ... ⚠️  未找到任何歌曲
[395/506] 邓丽欣                           ... ⚠️  未找到任何歌曲
[396/506] 邓典果                           ... ⚠️  未找到任何歌曲
[397/506] 邓瑞霞                           ... ⚠️  未找到任何歌曲
[398/506] 邝美云                           ... ✅ 找到并移动 1 首
[399/506] 那英                            ... ⚠️  未找到任何歌曲
[400/506] 邰正宵                           ... ✅ 找到并移动 1 首
[401/506] 邱振哲                           ... ⚠️  未找到任何歌曲
[402/506] 邵帅                            ... ⚠️  未找到任何歌曲
[403/506] 郁可唯                           ... ⚠️  未找到任何歌曲
[404/506] 郑中基                           ... ⚠️  未找到任何歌曲
[405/506] 郑伊健                           ... ✅ 找到并移动 4 首
[406/506] 郑宜农                           ... ⚠️  未找到任何歌曲
[407/506] 郑少秋                           ... ⚠️  未找到任何歌曲
[408/506] 郑智化                           ... ⚠️  未找到任何歌曲
[409/506] 郑欣宜                           ... ⚠️  未找到任何歌曲
[410/506] 郑源                            ... ⚠️  未找到任何歌曲
[411/506] 郑秀文                           ... ✅ 找到并移动 3 首
[412/506] 郑钧                            ... ⚠️  未找到任何歌曲
[413/506] 郭富城                           ... ✅ 找到并移动 5 首
[414/506] 郭峰                            ... ⚠️  未找到任何歌曲
[415/506] 郭静                            ... ⚠️  未找到任何歌曲
[416/506] 郭顶                            ... ⚠️  未找到任何歌曲
[417/506] 金志文                           ... ⚠️  未找到任何歌曲
[418/506] 金池                            ... ⚠️  未找到任何歌曲
[419/506] 金海心                           ... ⚠️  未找到任何歌曲
[421/506] 金莎                            ... ⚠️  未找到任何歌曲
[422/506] 金贵晟                           ... ⚠️  未找到任何歌曲
[423/506] 钟镇涛                           ... ⚠️  未找到任何歌曲
[424/506] 阿冗                            ... ⚠️  未找到任何歌曲
[425/506] 阿木                            ... ⚠️  未找到任何歌曲
[426/506] 阿朵                            ... ⚠️  未找到任何歌曲
[427/506] 阿桑                            ... ⚠️  未找到任何歌曲
[428/506] 阿里郎                           ... ⚠️  未找到任何歌曲
[429/506] 陆虎                            ... ⚠️  未找到任何歌曲
[431/506] 陈冠希                           ... ⚠️  未找到任何歌曲
[432/506] 陈冠蒲                           ... ⚠️  未找到任何歌曲
[433/506] 陈势安                           ... ⚠️  未找到任何歌曲
[434/506] 陈坤                            ... ⚠️  未找到任何歌曲
[435/506] 陈奕迅                           ... ⚠️  未找到任何歌曲
[436/506] 陈子晴                           ... ⚠️  未找到任何歌曲
[437/506] 陈小云                           ... ⚠️  未找到任何歌曲
[438/506] 陈小春                           ... ⚠️  未找到任何歌曲
[439/506] 陈小霞                           ... ⚠️  未找到任何歌曲
[440/506] 陈慧娴                           ... ⚠️  未找到任何歌曲
[441/506] 陈慧琳                           ... ✅ 找到并移动 1 首
[442/506] 陈明                            ... ⚠️  未找到任何歌曲
[443/506] 陈明真                           ... ⚠️  未找到任何歌曲
[444/506] 陈晓东                           ... ⚠️  未找到任何歌曲
[445/506] 陈楚生                           ... ⚠️  未找到任何歌曲
[446/506] 陈洁仪                           ... ⚠️  未找到任何歌曲
[447/506] 陈浩民                           ... ⚠️  未找到任何歌曲
[448/506] 陈淑桦                           ... ✅ 找到并移动 1 首
[449/506] 陈琳                            ... ⚠️  未找到任何歌曲
[450/506] 陈瑞                            ... ⚠️  未找到任何歌曲
[451/506] 陈百强                           ... ⚠️  未找到任何歌曲
[452/506] 陈粒                            ... ⚠️  未找到任何歌曲
[453/506] 陈红                            ... ⚠️  未找到任何歌曲
[454/506] 陈绮贞                           ... ⚠️  未找到任何歌曲
[455/506] 陈雅森                           ... ⚠️  未找到任何歌曲
[456/506] 陶喆                            ... ✅ 找到并移动 1 首
[457/506] 陶晶莹                           ... ⚠️  未找到任何歌曲
[458/506] 隔壁老樊                          ... ⚠️  未找到任何歌曲
[459/506] 雷婷                            ... ⚠️  未找到任何歌曲
[460/506] 韦伦                            ... ⚠️  未找到任何歌曲
[461/506] 韦唯                            ... ⚠️  未找到任何歌曲
[462/506] 韦礼安                           ... ✅ 找到并移动 1 首
[463/506] 韩宝仪                           ... ⚠️  未找到任何歌曲
[464/506] 韩红                            ... ⚠️  未找到任何歌曲
[465/506] 韩雪                            ... ⚠️  未找到任何歌曲
[466/506] 音频怪物                          ... ⚠️  未找到任何歌曲
[467/506] 顺子                            ... ✅ 找到并移动 1 首
[468/506] 飞轮海                           ... ✅ 找到并移动 1 首
[469/506] 马兆骏                           ... ⚠️  未找到任何歌曲
[470/506] 马天宇                           ... ✅ 找到并移动 1 首
[472/506] 马良                            ... ⚠️  未找到任何歌曲
[473/506] 马郁                            ... ⚠️  未找到任何歌曲
[474/506] 马頔                            ... ⚠️  未找到任何歌曲
[475/506] 高明骏                           ... ⚠️  未找到任何歌曲
[476/506] 高胜美                           ... ⚠️  未找到任何歌曲
[477/506] 魏如萱                           ... ⚠️  未找到任何歌曲
[478/506] 魏晨                            ... ⚠️  未找到任何歌曲
[479/506] 鹿先森乐队                         ... ✅ 找到并移动 6 首
[480/506] 麦浚龙                           ... ⚠️  未找到任何歌曲
[481/506] 麻园诗人                          ... ⚠️  未找到任何歌曲
[483/506] 黄义达                           ... ✅ 找到并移动 2 首
[484/506] 黄乙玲                           ... ✅ 找到并移动 1 首
[485/506] 黄凯芹                           ... ⚠️  未找到任何歌曲
[486/506] 黄品源                           ... ⚠️  未找到任何歌曲
[487/506] 黄安                            ... ✅ 找到并移动 5 首
[488/506] 黄小琥                           ... ⚠️  未找到任何歌曲
[489/506] 黄征                            ... ⚠️  未找到任何歌曲
[490/506] 黄旭                            ... ⚠️  未找到任何歌曲
[491/506] 黄磊                            ... ⚠️  未找到任何歌曲
[492/506] 黄绮珊                           ... ⚠️  未找到任何歌曲
[493/506] 黄舒骏                           ... ⚠️  未找到任何歌曲
[494/506] 黄莺莺                           ... ⚠️  未找到任何歌曲
[495/506] 黄阅                            ... ⚠️  未找到任何歌曲
[496/506] 黄霄雲                           ... ⚠️  未找到任何歌曲
[497/506] 黄韵玲                           ... ⚠️  未找到任何歌曲
[498/506] 黄龄                            ... ⚠️  未找到任何歌曲
[499/506] 黎姿                            ... ⚠️  未找到任何歌曲
[500/506] 黎明                            ... ⚠️  未找到任何歌曲
[501/506] 黎瑞恩                           ... ⚠️  未找到任何歌曲
[502/506] 黑屋乐队                          ... ⚠️  未找到任何歌曲
[503/506] 黑豹乐队                          ... ⚠️  未找到任何歌曲
[504/506] 齐秦                            ... ✅ 找到并移动 1 首
[505/506] 齐豫                            ... ⚠️  未找到任何歌曲
[506/506] 龙飘飘                           ... ⚠️  未找到任何歌曲

════════════════════════════════════════════════════════════

📊 处理完成!

✅ 已处理的歌手: 67
📀 已移动的歌曲: 129 首

✨ 所有热门歌曲已整理到各歌手的 hot_songs 目录

